info: Server running on port 5005 {"service":"itx-backend","timestamp":"2021-12-30T03:00:50.383Z"}
error: Connection error {"info":"options usecreateindex, usefindandmodify are not supported","service":"itx-backend","timestamp":"2021-12-30T03:00:50.385Z"}
info: Server running on port 5005 {"service":"itx-backend","timestamp":"2021-12-30T03:02:56.339Z"}
info: Server running on port 5005 {"service":"itx-backend","timestamp":"2021-12-30T03:03:12.647Z"}
info: Server running on port 5005 {"service":"itx-backend","timestamp":"2021-12-30T19:22:37.042Z"}
info: Server running on port 5005 {"service":"itx-backend","timestamp":"2021-12-30T19:23:09.268Z"}
info: ::1 - - [30/Dec/2021:19:28:13 +0000] "POST /employee HTTP/1.1" 404 21 "-" "PostmanRuntime/7.28.4" {"service":"itx-backend","timestamp":"2021-12-30T19:28:13.922Z"}
info: ::1 - - [30/Dec/2021:19:28:31 +0000] "POST /employee HTTP/1.1" 404 21 "-" "PostmanRuntime/7.28.4" {"service":"itx-backend","timestamp":"2021-12-30T19:28:31.334Z"}
info: Server running on port 5005 {"service":"itx-backend","timestamp":"2021-12-30T19:29:08.608Z"}
info: Server running on port 5005 {"service":"itx-backend","timestamp":"2021-12-30T19:29:44.357Z"}
info: ::1 - - [30/Dec/2021:19:29:46 +0000] "POST /employee HTTP/1.1" 404 21 "-" "PostmanRuntime/7.28.4" {"service":"itx-backend","timestamp":"2021-12-30T19:29:46.226Z"}
info: Server running on port 5005 {"service":"itx-backend","timestamp":"2021-12-30T19:30:38.436Z"}
info: ::1 - - [30/Dec/2021:19:30:41 +0000] "POST /employee HTTP/1.1" 404 21 "-" "PostmanRuntime/7.28.4" {"service":"itx-backend","timestamp":"2021-12-30T19:30:41.635Z"}
info: ::1 - - [30/Dec/2021:19:30:42 +0000] "POST /employee HTTP/1.1" 404 21 "-" "PostmanRuntime/7.28.4" {"service":"itx-backend","timestamp":"2021-12-30T19:30:42.696Z"}
info: ::1 - - [30/Dec/2021:19:30:43 +0000] "POST /employee HTTP/1.1" 404 21 "-" "PostmanRuntime/7.28.4" {"service":"itx-backend","timestamp":"2021-12-30T19:30:43.452Z"}
info: ::1 - - [30/Dec/2021:19:30:44 +0000] "POST /employee HTTP/1.1" 404 21 "-" "PostmanRuntime/7.28.4" {"service":"itx-backend","timestamp":"2021-12-30T19:30:44.079Z"}
info: ::1 - - [30/Dec/2021:19:31:22 +0000] "POST /api/employee HTTP/1.1" 201 498 "-" "PostmanRuntime/7.28.4" {"service":"itx-backend","timestamp":"2021-12-30T19:31:22.969Z"}
info: Server running on port 5005 {"service":"itx-backend","timestamp":"2021-12-30T19:32:10.889Z"}
info: ::1 - - [30/Dec/2021:19:32:15 +0000] "POST /api/employee HTTP/1.1" 201 234 "-" "PostmanRuntime/7.28.4" {"service":"itx-backend","timestamp":"2021-12-30T19:32:15.529Z"}
info: Server running on port 5005 {"service":"itx-backend","timestamp":"2021-12-30T19:32:43.132Z"}
info: ::1 - - [30/Dec/2021:19:32:47 +0000] "POST /api/employee HTTP/1.1" 201 232 "-" "PostmanRuntime/7.28.4" {"service":"itx-backend","timestamp":"2021-12-30T19:32:47.597Z"}
info: Server running on port 5005 {"service":"itx-backend","timestamp":"2021-12-31T04:07:31.723Z"}
error: DYING GRACEFULLY | REASON: unknownError | ERROR: {} {"service":"itx-backend","timestamp":"2021-12-31T04:07:40.354Z"}
info: Server running on port 5005 {"service":"itx-backend","timestamp":"2021-12-31T04:08:55.744Z"}
error: DYING GRACEFULLY | REASON: unknownError | ERROR: {} {"service":"itx-backend","timestamp":"2021-12-31T04:09:01.294Z"}
info: Server running on port 5005 {"service":"itx-backend","timestamp":"2021-12-31T04:09:20.076Z"}
info: ::1 - - [31/Dec/2021:04:09:24 +0000] "POST /api/employee HTTP/1.1" 201 232 "-" "PostmanRuntime/7.28.4" {"service":"itx-backend","timestamp":"2021-12-31T04:09:24.092Z"}
info: ::1 - - [31/Dec/2021:04:09:25 +0000] "POST /api/employee HTTP/1.1" 201 232 "-" "PostmanRuntime/7.28.4" {"service":"itx-backend","timestamp":"2021-12-31T04:09:25.353Z"}
info: ::1 - - [31/Dec/2021:04:09:26 +0000] "POST /api/employee HTTP/1.1" 201 232 "-" "PostmanRuntime/7.28.4" {"service":"itx-backend","timestamp":"2021-12-31T04:09:26.480Z"}
info: ::1 - - [31/Dec/2021:04:09:27 +0000] "POST /api/employee HTTP/1.1" 201 232 "-" "PostmanRuntime/7.28.4" {"service":"itx-backend","timestamp":"2021-12-31T04:09:27.483Z"}
info: ::1 - - [31/Dec/2021:04:09:28 +0000] "POST /api/employee HTTP/1.1" 201 232 "-" "PostmanRuntime/7.28.4" {"service":"itx-backend","timestamp":"2021-12-31T04:09:28.390Z"}
info: ::1 - - [31/Dec/2021:04:09:29 +0000] "POST /api/employee HTTP/1.1" 201 232 "-" "PostmanRuntime/7.28.4" {"service":"itx-backend","timestamp":"2021-12-31T04:09:29.196Z"}
error: DYING GRACEFULLY | REASON: unknownError | ERROR: {} {"service":"itx-backend","timestamp":"2021-12-31T04:09:39.593Z"}
info: Server running on port 5005 {"service":"itx-backend","timestamp":"2021-12-31T04:11:31.530Z"}
error: DYING GRACEFULLY | REASON: unknownError | ERROR: {} {"service":"itx-backend","timestamp":"2021-12-31T04:11:36.948Z"}
info: Server running on port 5005 {"service":"itx-backend","timestamp":"2021-12-31T04:12:15.804Z"}
error: DYING GRACEFULLY | REASON: unknownError | ERROR: {} {"service":"itx-backend","timestamp":"2021-12-31T04:12:21.696Z"}
info: Server running on port 5005 {"service":"itx-backend","timestamp":"2021-12-31T04:12:57.521Z"}
error: DYING GRACEFULLY | REASON: unknownError | ERROR: {} {"service":"itx-backend","timestamp":"2021-12-31T04:13:02.755Z"}
info: Server running on port 5005 {"service":"itx-backend","timestamp":"2021-12-31T04:20:06.181Z"}
error: DYING GRACEFULLY | REASON: unknownError | ERROR: {} {"service":"itx-backend","timestamp":"2021-12-31T04:20:10.614Z"}
info: Server running on port 5005 {"service":"itx-backend","timestamp":"2021-12-31T04:21:17.176Z"}
error: DYING GRACEFULLY | REASON: unknownError | ERROR: {} {"service":"itx-backend","timestamp":"2021-12-31T04:21:23.970Z"}
info: Server running on port 5005 {"service":"itx-backend","timestamp":"2021-12-31T04:21:45.812Z"}
info: ::1 - - [31/Dec/2021:04:21:51 +0000] "GET /api/employee?page=1&limit=10 HTTP/1.1" 200 1312 "-" "PostmanRuntime/7.28.4" {"service":"itx-backend","timestamp":"2021-12-31T04:21:51.201Z"}
info: ::1 - - [31/Dec/2021:04:22:51 +0000] "GET /api/employee?page=1&limit=10 HTTP/1.1" 200 1312 "-" "PostmanRuntime/7.28.4" {"service":"itx-backend","timestamp":"2021-12-31T04:22:51.291Z"}
info: Server running on port 5005 {"service":"itx-backend","timestamp":"2021-12-31T04:22:58.042Z"}
error: DYING GRACEFULLY | REASON: unknownError | ERROR: {} {"service":"itx-backend","timestamp":"2021-12-31T04:23:03.147Z"}
info: Server running on port 5005 {"service":"itx-backend","timestamp":"2021-12-31T04:23:38.603Z"}
info: ::1 - - [31/Dec/2021:04:23:48 +0000] "GET /api/employee?page=1&limit=10 HTTP/1.1" 200 552 "-" "PostmanRuntime/7.28.4" {"service":"itx-backend","timestamp":"2021-12-31T04:23:48.884Z"}
info: Server running on port 5005 {"service":"itx-backend","timestamp":"2021-12-31T04:24:30.013Z"}
info: ::1 - - [31/Dec/2021:04:24:35 +0000] "GET /api/employee?page=1&limit=10 HTTP/1.1" 200 554 "-" "PostmanRuntime/7.28.4" {"service":"itx-backend","timestamp":"2021-12-31T04:24:35.812Z"}
info: ::1 - - [31/Dec/2021:04:24:54 +0000] "GET /api/employee HTTP/1.1" 200 484 "-" "PostmanRuntime/7.28.4" {"service":"itx-backend","timestamp":"2021-12-31T04:24:54.576Z"}
info: Server running on port 5005 {"service":"itx-backend","timestamp":"2022-01-02T01:16:55.282Z"}
info: ::1 - - [02/Jan/2022:01:17:00 +0000] "POST /api/deparment HTTP/1.1" 201 202 "-" "PostmanRuntime/7.28.4" {"service":"itx-backend","timestamp":"2022-01-02T01:17:00.445Z"}
info: ::1 - - [02/Jan/2022:01:17:08 +0000] "POST /api/deparment HTTP/1.1" 201 205 "-" "PostmanRuntime/7.28.4" {"service":"itx-backend","timestamp":"2022-01-02T01:17:08.839Z"}
info: ::1 - - [02/Jan/2022:01:17:19 +0000] "POST /api/deparment HTTP/1.1" 201 201 "-" "PostmanRuntime/7.28.4" {"service":"itx-backend","timestamp":"2022-01-02T01:17:19.893Z"}
info: ::1 - - [02/Jan/2022:01:21:58 +0000] "POST /api/deparment HTTP/1.1" 400 26 "-" "PostmanRuntime/7.28.4" {"service":"itx-backend","timestamp":"2022-01-02T01:21:58.611Z"}
info: ::1 - - [02/Jan/2022:01:22:00 +0000] "POST /api/deparment HTTP/1.1" 400 26 "-" "PostmanRuntime/7.28.4" {"service":"itx-backend","timestamp":"2022-01-02T01:22:00.750Z"}
info: ::1 - - [02/Jan/2022:01:22:07 +0000] "POST /api/deparment HTTP/1.1" 400 26 "-" "PostmanRuntime/7.28.4" {"service":"itx-backend","timestamp":"2022-01-02T01:22:07.736Z"}
info: ::1 - - [02/Jan/2022:01:22:10 +0000] "POST /api/deparment HTTP/1.1" 400 26 "-" "PostmanRuntime/7.28.4" {"service":"itx-backend","timestamp":"2022-01-02T01:22:10.640Z"}
info: ::1 - - [02/Jan/2022:01:22:14 +0000] "POST /api/deparment HTTP/1.1" 400 26 "-" "PostmanRuntime/7.28.4" {"service":"itx-backend","timestamp":"2022-01-02T01:22:14.201Z"}
info: ::1 - - [02/Jan/2022:01:22:43 +0000] "POST /api/deparment HTTP/1.1" 400 26 "-" "PostmanRuntime/7.28.4" {"service":"itx-backend","timestamp":"2022-01-02T01:22:43.305Z"}
info: ::1 - - [02/Jan/2022:01:22:50 +0000] "POST /api/deparment HTTP/1.1" 400 26 "-" "PostmanRuntime/7.28.4" {"service":"itx-backend","timestamp":"2022-01-02T01:22:50.058Z"}
info: Server running on port 5005 {"service":"itx-backend","timestamp":"2022-01-02T01:23:05.594Z"}
info: ::1 - - [02/Jan/2022:01:23:26 +0000] "POST /api/deparment HTTP/1.1" 400 26 "-" "PostmanRuntime/7.28.4" {"service":"itx-backend","timestamp":"2022-01-02T01:23:26.489Z"}
info: ::1 - - [02/Jan/2022:01:24:12 +0000] "POST /api/deparment HTTP/1.1" 400 53 "-" "PostmanRuntime/7.28.4" {"service":"itx-backend","timestamp":"2022-01-02T01:24:12.092Z"}
info: ::1 - - [02/Jan/2022:01:24:16 +0000] "POST /api/deparment HTTP/1.1" 400 26 "-" "PostmanRuntime/7.28.4" {"service":"itx-backend","timestamp":"2022-01-02T01:24:16.955Z"}
info: Server running on port 5005 {"service":"itx-backend","timestamp":"2022-01-02T01:24:57.997Z"}
info: ::1 - - [02/Jan/2022:01:25:01 +0000] "POST /api/deparment HTTP/1.1" 400 26 "-" "PostmanRuntime/7.28.4" {"service":"itx-backend","timestamp":"2022-01-02T01:25:01.724Z"}
info: ::1 - - [02/Jan/2022:01:25:02 +0000] "POST /api/deparment HTTP/1.1" 400 26 "-" "PostmanRuntime/7.28.4" {"service":"itx-backend","timestamp":"2022-01-02T01:25:02.607Z"}
info: ::1 - - [02/Jan/2022:01:25:03 +0000] "POST /api/deparment HTTP/1.1" 400 26 "-" "PostmanRuntime/7.28.4" {"service":"itx-backend","timestamp":"2022-01-02T01:25:03.456Z"}
info: Server running on port 5005 {"service":"itx-backend","timestamp":"2022-01-02T01:25:15.506Z"}
info: ::1 - - [02/Jan/2022:01:25:19 +0000] "POST /api/deparment HTTP/1.1" 400 26 "-" "PostmanRuntime/7.28.4" {"service":"itx-backend","timestamp":"2022-01-02T01:25:19.178Z"}
info: ::1 - - [02/Jan/2022:01:25:20 +0000] "POST /api/deparment HTTP/1.1" 400 26 "-" "PostmanRuntime/7.28.4" {"service":"itx-backend","timestamp":"2022-01-02T01:25:20.736Z"}
info: ::1 - - [02/Jan/2022:01:25:21 +0000] "POST /api/deparment HTTP/1.1" 400 26 "-" "PostmanRuntime/7.28.4" {"service":"itx-backend","timestamp":"2022-01-02T01:25:21.405Z"}
info: ::1 - - [02/Jan/2022:01:25:21 +0000] "POST /api/deparment HTTP/1.1" 400 26 "-" "PostmanRuntime/7.28.4" {"service":"itx-backend","timestamp":"2022-01-02T01:25:21.875Z"}
info: ::1 - - [02/Jan/2022:01:25:41 +0000] "POST /api/deparment HTTP/1.1" 400 53 "-" "PostmanRuntime/7.28.4" {"service":"itx-backend","timestamp":"2022-01-02T01:25:41.703Z"}
info: ::1 - - [02/Jan/2022:01:25:45 +0000] "POST /api/deparment HTTP/1.1" 400 30 "-" "PostmanRuntime/7.28.4" {"service":"itx-backend","timestamp":"2022-01-02T01:25:45.018Z"}
info: ::1 - - [02/Jan/2022:01:25:45 +0000] "POST /api/deparment HTTP/1.1" 400 30 "-" "PostmanRuntime/7.28.4" {"service":"itx-backend","timestamp":"2022-01-02T01:25:45.871Z"}
info: ::1 - - [02/Jan/2022:01:25:48 +0000] "POST /api/deparment HTTP/1.1" 400 30 "-" "PostmanRuntime/7.28.4" {"service":"itx-backend","timestamp":"2022-01-02T01:25:48.031Z"}
info: Server running on port 5005 {"service":"itx-backend","timestamp":"2022-01-02T01:26:47.763Z"}
info: ::1 - - [02/Jan/2022:01:26:51 +0000] "POST /api/deparment HTTP/1.1" 400 30 "-" "PostmanRuntime/7.28.4" {"service":"itx-backend","timestamp":"2022-01-02T01:26:51.252Z"}
info: ::1 - - [02/Jan/2022:01:26:52 +0000] "POST /api/deparment HTTP/1.1" 400 30 "-" "PostmanRuntime/7.28.4" {"service":"itx-backend","timestamp":"2022-01-02T01:26:52.031Z"}
info: ::1 - - [02/Jan/2022:01:26:52 +0000] "POST /api/deparment HTTP/1.1" 400 30 "-" "PostmanRuntime/7.28.4" {"service":"itx-backend","timestamp":"2022-01-02T01:26:52.763Z"}
info: ::1 - - [02/Jan/2022:01:26:53 +0000] "POST /api/deparment HTTP/1.1" 400 30 "-" "PostmanRuntime/7.28.4" {"service":"itx-backend","timestamp":"2022-01-02T01:26:53.523Z"}
info: ::1 - - [02/Jan/2022:01:26:54 +0000] "POST /api/deparment HTTP/1.1" 400 30 "-" "PostmanRuntime/7.28.4" {"service":"itx-backend","timestamp":"2022-01-02T01:26:54.762Z"}
info: Server running on port 5005 {"service":"itx-backend","timestamp":"2022-01-02T01:27:23.259Z"}
info: ::1 - - [02/Jan/2022:01:27:27 +0000] "POST /api/deparment HTTP/1.1" 400 30 "-" "PostmanRuntime/7.28.4" {"service":"itx-backend","timestamp":"2022-01-02T01:27:27.321Z"}
info: ::1 - - [02/Jan/2022:01:27:28 +0000] "POST /api/deparment HTTP/1.1" 400 30 "-" "PostmanRuntime/7.28.4" {"service":"itx-backend","timestamp":"2022-01-02T01:27:28.140Z"}
info: Server running on port 5005 {"service":"itx-backend","timestamp":"2022-01-02T01:27:53.662Z"}
info: ::1 - - [02/Jan/2022:01:27:56 +0000] "POST /api/deparment HTTP/1.1" 400 30 "-" "PostmanRuntime/7.28.4" {"service":"itx-backend","timestamp":"2022-01-02T01:27:56.628Z"}
info: ::1 - - [02/Jan/2022:01:27:57 +0000] "POST /api/deparment HTTP/1.1" 400 30 "-" "PostmanRuntime/7.28.4" {"service":"itx-backend","timestamp":"2022-01-02T01:27:57.959Z"}
info: ::1 - - [02/Jan/2022:01:28:18 +0000] "POST /api/deparment HTTP/1.1" 400 40 "-" "PostmanRuntime/7.28.4" {"service":"itx-backend","timestamp":"2022-01-02T01:28:18.520Z"}
info: ::1 - - [02/Jan/2022:01:28:26 +0000] "POST /api/deparment HTTP/1.1" 400 24 "-" "PostmanRuntime/7.28.4" {"service":"itx-backend","timestamp":"2022-01-02T01:28:26.094Z"}
info: ::1 - - [02/Jan/2022:01:28:27 +0000] "POST /api/deparment HTTP/1.1" 400 24 "-" "PostmanRuntime/7.28.4" {"service":"itx-backend","timestamp":"2022-01-02T01:28:27.374Z"}
info: ::1 - - [02/Jan/2022:01:28:27 +0000] "POST /api/deparment HTTP/1.1" 400 24 "-" "PostmanRuntime/7.28.4" {"service":"itx-backend","timestamp":"2022-01-02T01:28:27.755Z"}
info: ::1 - - [02/Jan/2022:01:28:28 +0000] "POST /api/deparment HTTP/1.1" 400 24 "-" "PostmanRuntime/7.28.4" {"service":"itx-backend","timestamp":"2022-01-02T01:28:28.223Z"}
info: ::1 - - [02/Jan/2022:01:28:28 +0000] "POST /api/deparment HTTP/1.1" 400 24 "-" "PostmanRuntime/7.28.4" {"service":"itx-backend","timestamp":"2022-01-02T01:28:28.658Z"}
info: ::1 - - [02/Jan/2022:01:28:43 +0000] "POST /api/deparment HTTP/1.1" 201 207 "-" "PostmanRuntime/7.28.4" {"service":"itx-backend","timestamp":"2022-01-02T01:28:43.304Z"}
info: Server running on port 5005 {"service":"itx-backend","timestamp":"2022-01-02T01:30:45.318Z"}
info: ::1 - - [02/Jan/2022:01:30:53 +0000] "POST /api/deparment HTTP/1.1" 400 30 "-" "PostmanRuntime/7.28.4" {"service":"itx-backend","timestamp":"2022-01-02T01:30:53.915Z"}
info: ::1 - - [02/Jan/2022:01:30:54 +0000] "POST /api/deparment HTTP/1.1" 400 30 "-" "PostmanRuntime/7.28.4" {"service":"itx-backend","timestamp":"2022-01-02T01:30:54.862Z"}
info: ::1 - - [02/Jan/2022:01:30:55 +0000] "POST /api/deparment HTTP/1.1" 400 30 "-" "PostmanRuntime/7.28.4" {"service":"itx-backend","timestamp":"2022-01-02T01:30:55.377Z"}
info: ::1 - - [02/Jan/2022:01:30:56 +0000] "POST /api/deparment HTTP/1.1" 400 30 "-" "PostmanRuntime/7.28.4" {"service":"itx-backend","timestamp":"2022-01-02T01:30:56.476Z"}
info: ::1 - - [02/Jan/2022:01:31:18 +0000] "POST /api/deparment HTTP/1.1" 400 30 "-" "PostmanRuntime/7.28.4" {"service":"itx-backend","timestamp":"2022-01-02T01:31:18.822Z"}
info: Server running on port 5005 {"service":"itx-backend","timestamp":"2022-01-02T01:32:04.805Z"}
info: ::1 - - [02/Jan/2022:01:32:15 +0000] "POST /api/deparment HTTP/1.1" 400 30 "-" "PostmanRuntime/7.28.4" {"service":"itx-backend","timestamp":"2022-01-02T01:32:15.031Z"}
info: ::1 - - [02/Jan/2022:01:32:17 +0000] "POST /api/deparment HTTP/1.1" 400 30 "-" "PostmanRuntime/7.28.4" {"service":"itx-backend","timestamp":"2022-01-02T01:32:17.623Z"}
info: ::1 - - [02/Jan/2022:01:32:18 +0000] "POST /api/deparment HTTP/1.1" 400 30 "-" "PostmanRuntime/7.28.4" {"service":"itx-backend","timestamp":"2022-01-02T01:32:18.290Z"}
info: ::1 - - [02/Jan/2022:01:32:19 +0000] "POST /api/deparment HTTP/1.1" 400 30 "-" "PostmanRuntime/7.28.4" {"service":"itx-backend","timestamp":"2022-01-02T01:32:19.559Z"}
info: ::1 - - [02/Jan/2022:01:32:55 +0000] "POST /api/deparment HTTP/1.1" 400 53 "-" "PostmanRuntime/7.28.4" {"service":"itx-backend","timestamp":"2022-01-02T01:32:55.611Z"}
info: ::1 - - [02/Jan/2022:01:32:56 +0000] "POST /api/deparment HTTP/1.1" 400 53 "-" "PostmanRuntime/7.28.4" {"service":"itx-backend","timestamp":"2022-01-02T01:32:56.846Z"}
info: ::1 - - [02/Jan/2022:01:34:13 +0000] "POST /api/deparment HTTP/1.1" 400 30 "-" "PostmanRuntime/7.28.4" {"service":"itx-backend","timestamp":"2022-01-02T01:34:13.369Z"}
info: ::1 - - [02/Jan/2022:01:34:39 +0000] "POST /api/deparment HTTP/1.1" 400 30 "-" "PostmanRuntime/7.28.4" {"service":"itx-backend","timestamp":"2022-01-02T01:34:39.608Z"}
info: ::1 - - [02/Jan/2022:01:34:40 +0000] "POST /api/deparment HTTP/1.1" 400 30 "-" "PostmanRuntime/7.28.4" {"service":"itx-backend","timestamp":"2022-01-02T01:34:40.506Z"}
info: ::1 - - [02/Jan/2022:01:34:41 +0000] "POST /api/deparment HTTP/1.1" 400 30 "-" "PostmanRuntime/7.28.4" {"service":"itx-backend","timestamp":"2022-01-02T01:34:41.098Z"}
info: Server running on port 5005 {"service":"itx-backend","timestamp":"2022-01-02T01:34:44.402Z"}
info: ::1 - - [02/Jan/2022:01:34:47 +0000] "POST /api/deparment HTTP/1.1" 400 30 "-" "PostmanRuntime/7.28.4" {"service":"itx-backend","timestamp":"2022-01-02T01:34:47.336Z"}
info: ::1 - - [02/Jan/2022:01:34:48 +0000] "POST /api/deparment HTTP/1.1" 400 30 "-" "PostmanRuntime/7.28.4" {"service":"itx-backend","timestamp":"2022-01-02T01:34:48.003Z"}
info: Server running on port 5005 {"service":"itx-backend","timestamp":"2022-01-02T04:12:36.135Z"}
info: ::1 - - [02/Jan/2022:04:12:40 +0000] "POST /api/deparment HTTP/1.1" 400 30 "-" "PostmanRuntime/7.28.4" {"service":"itx-backend","timestamp":"2022-01-02T04:12:40.985Z"}
info: ::1 - - [02/Jan/2022:04:12:41 +0000] "POST /api/deparment HTTP/1.1" 400 30 "-" "PostmanRuntime/7.28.4" {"service":"itx-backend","timestamp":"2022-01-02T04:12:41.924Z"}
info: ::1 - - [02/Jan/2022:04:12:42 +0000] "POST /api/deparment HTTP/1.1" 400 30 "-" "PostmanRuntime/7.28.4" {"service":"itx-backend","timestamp":"2022-01-02T04:12:42.694Z"}
info: ::1 - - [02/Jan/2022:04:12:43 +0000] "POST /api/deparment HTTP/1.1" 400 30 "-" "PostmanRuntime/7.28.4" {"service":"itx-backend","timestamp":"2022-01-02T04:12:43.507Z"}
info: ::1 - - [02/Jan/2022:04:13:25 +0000] "POST /api/employee HTTP/1.1" 201 254 "-" "PostmanRuntime/7.28.4" {"service":"itx-backend","timestamp":"2022-01-02T04:13:25.922Z"}
info: ::1 - - [02/Jan/2022:04:13:53 +0000] "POST /api/employee HTTP/1.1" 201 254 "-" "PostmanRuntime/7.28.4" {"service":"itx-backend","timestamp":"2022-01-02T04:13:53.993Z"}
info: ::1 - - [02/Jan/2022:04:14:21 +0000] "POST /api/employee HTTP/1.1" 201 253 "-" "PostmanRuntime/7.28.4" {"service":"itx-backend","timestamp":"2022-01-02T04:14:21.777Z"}
info: ::1 - - [02/Jan/2022:04:14:58 +0000] "GET /api/deparment HTTP/1.1" 404 21 "-" "PostmanRuntime/7.28.4" {"service":"itx-backend","timestamp":"2022-01-02T04:14:58.885Z"}
info: ::1 - - [02/Jan/2022:04:15:00 +0000] "GET /api/deparment HTTP/1.1" 404 21 "-" "PostmanRuntime/7.28.4" {"service":"itx-backend","timestamp":"2022-01-02T04:15:00.668Z"}
info: ::1 - - [02/Jan/2022:04:15:26 +0000] "GET /api/employee HTTP/1.1" 404 21 "-" "PostmanRuntime/7.28.4" {"service":"itx-backend","timestamp":"2022-01-02T04:15:26.663Z"}
info: ::1 - - [02/Jan/2022:04:15:31 +0000] "GET /api/employee HTTP/1.1" 404 21 "-" "PostmanRuntime/7.28.4" {"service":"itx-backend","timestamp":"2022-01-02T04:15:31.878Z"}
info: Server running on port 5005 {"service":"itx-backend","timestamp":"2022-01-02T04:15:46.419Z"}
info: ::1 - - [02/Jan/2022:04:15:51 +0000] "GET /api/employee HTTP/1.1" 200 340 "-" "PostmanRuntime/7.28.4" {"service":"itx-backend","timestamp":"2022-01-02T04:15:51.251Z"}
error: DYING GRACEFULLY | REASON: unknownError | ERROR: {} {"service":"itx-backend","timestamp":"2022-01-02T04:16:03.324Z"}
info: Server running on port 5005 {"service":"itx-backend","timestamp":"2022-01-02T04:18:23.128Z"}
error: DYING GRACEFULLY | REASON: unknownError | ERROR: {} {"service":"itx-backend","timestamp":"2022-01-02T04:18:32.592Z"}
info: Server running on port 5005 {"service":"itx-backend","timestamp":"2022-01-02T04:19:45.052Z"}
info: ::1 - - [02/Jan/2022:04:19:53 +0000] "GET /api/deparment HTTP/1.1" 200 370 "-" "PostmanRuntime/7.28.4" {"service":"itx-backend","timestamp":"2022-01-02T04:19:53.329Z"}
info: ::1 - - [02/Jan/2022:04:20:03 +0000] "GET /api/deparment HTTP/1.1" 200 370 "-" "PostmanRuntime/7.28.4" {"service":"itx-backend","timestamp":"2022-01-02T04:20:03.109Z"}
info: ::1 - - [02/Jan/2022:04:20:08 +0000] "POST /api/employee HTTP/1.1" 201 253 "-" "PostmanRuntime/7.28.4" {"service":"itx-backend","timestamp":"2022-01-02T04:20:08.347Z"}
info: ::1 - - [02/Jan/2022:04:20:31 +0000] "POST /api/employee HTTP/1.1" 201 254 "-" "PostmanRuntime/7.28.4" {"service":"itx-backend","timestamp":"2022-01-02T04:20:31.844Z"}
info: ::1 - - [02/Jan/2022:04:20:37 +0000] "POST /api/employee HTTP/1.1" 201 254 "-" "PostmanRuntime/7.28.4" {"service":"itx-backend","timestamp":"2022-01-02T04:20:37.012Z"}
info: ::1 - - [02/Jan/2022:04:21:45 +0000] "POST /api/deparment HTTP/1.1" 201 198 "-" "PostmanRuntime/7.28.4" {"service":"itx-backend","timestamp":"2022-01-02T04:21:45.584Z"}
info: ::1 - - [02/Jan/2022:04:22:16 +0000] "GET /api/deparment HTTP/1.1" 200 416 "-" "PostmanRuntime/7.28.4" {"service":"itx-backend","timestamp":"2022-01-02T04:22:16.089Z"}
info: Server running on port 5005 {"service":"itx-backend","timestamp":"2022-01-04T03:24:39.477Z"}
info: Server running on port 5005 {"service":"itx-backend","timestamp":"2022-01-04T03:34:13.190Z"}
info: ::1 - - [04/Jan/2022:03:38:35 +0000] "POST /api/deparment HTTP/1.1" 400 24 "-" "PostmanRuntime/7.28.4" {"service":"itx-backend","timestamp":"2022-01-04T03:38:35.862Z"}
info: ::1 - - [04/Jan/2022:13:24:27 +0000] "GET /api/deparment HTTP/1.1" 200 416 "http://localhost:62408/" "Mozilla/5.0 (Macintosh; Intel Mac OS X 10_15_7) AppleWebKit/537.36 (KHTML, like Gecko) Chrome/96.0.4664.110 Safari/537.36" {"service":"itx-backend","timestamp":"2022-01-04T13:24:27.715Z"}
info: ::1 - - [04/Jan/2022:13:24:45 +0000] "GET /api/deparment HTTP/1.1" 200 416 "http://localhost:62408/" "Mozilla/5.0 (Macintosh; Intel Mac OS X 10_15_7) AppleWebKit/537.36 (KHTML, like Gecko) Chrome/96.0.4664.110 Safari/537.36" {"service":"itx-backend","timestamp":"2022-01-04T13:24:45.740Z"}
info: ::1 - - [04/Jan/2022:13:25:14 +0000] "GET /api/deparment HTTP/1.1" 200 416 "http://localhost:62408/" "Mozilla/5.0 (Macintosh; Intel Mac OS X 10_15_7) AppleWebKit/537.36 (KHTML, like Gecko) Chrome/96.0.4664.110 Safari/537.36" {"service":"itx-backend","timestamp":"2022-01-04T13:25:14.310Z"}
info: ::1 - - [04/Jan/2022:13:29:05 +0000] "GET /api/deparment HTTP/1.1" 200 416 "http://localhost:62408/" "Mozilla/5.0 (Macintosh; Intel Mac OS X 10_15_7) AppleWebKit/537.36 (KHTML, like Gecko) Chrome/96.0.4664.110 Safari/537.36" {"service":"itx-backend","timestamp":"2022-01-04T13:29:05.407Z"}
info: ::1 - - [04/Jan/2022:13:29:15 +0000] "GET /api/deparment HTTP/1.1" 200 416 "http://localhost:62408/" "Mozilla/5.0 (Macintosh; Intel Mac OS X 10_15_7) AppleWebKit/537.36 (KHTML, like Gecko) Chrome/96.0.4664.110 Safari/537.36" {"service":"itx-backend","timestamp":"2022-01-04T13:29:15.602Z"}
info: ::1 - - [04/Jan/2022:13:29:20 +0000] "GET /api/deparment HTTP/1.1" 200 416 "http://localhost:62408/" "Mozilla/5.0 (Macintosh; Intel Mac OS X 10_15_7) AppleWebKit/537.36 (KHTML, like Gecko) Chrome/96.0.4664.110 Safari/537.36" {"service":"itx-backend","timestamp":"2022-01-04T13:29:20.058Z"}
info: ::1 - - [04/Jan/2022:13:31:28 +0000] "GET /api/deparment HTTP/1.1" 200 416 "http://localhost:62408/" "Mozilla/5.0 (Macintosh; Intel Mac OS X 10_15_7) AppleWebKit/537.36 (KHTML, like Gecko) Chrome/96.0.4664.110 Safari/537.36" {"service":"itx-backend","timestamp":"2022-01-04T13:31:28.054Z"}
info: ::1 - - [04/Jan/2022:13:31:50 +0000] "POST /api/deparment HTTP/1.1" 400 24 "-" "PostmanRuntime/7.28.4" {"service":"itx-backend","timestamp":"2022-01-04T13:31:50.149Z"}
info: ::1 - - [04/Jan/2022:13:31:54 +0000] "GET /api/deparment HTTP/1.1" 200 416 "-" "PostmanRuntime/7.28.4" {"service":"itx-backend","timestamp":"2022-01-04T13:31:54.870Z"}
info: ::1 - - [04/Jan/2022:13:32:22 +0000] "GET /api/deparment HTTP/1.1" 200 416 "http://localhost:62408/" "Mozilla/5.0 (Macintosh; Intel Mac OS X 10_15_7) AppleWebKit/537.36 (KHTML, like Gecko) Chrome/96.0.4664.110 Safari/537.36" {"service":"itx-backend","timestamp":"2022-01-04T13:32:22.608Z"}
info: ::1 - - [04/Jan/2022:13:33:18 +0000] "GET /api/deparment HTTP/1.1" 200 416 "http://localhost:62408/" "Mozilla/5.0 (Macintosh; Intel Mac OS X 10_15_7) AppleWebKit/537.36 (KHTML, like Gecko) Chrome/96.0.4664.110 Safari/537.36" {"service":"itx-backend","timestamp":"2022-01-04T13:33:18.663Z"}
info: ::1 - - [04/Jan/2022:13:33:26 +0000] "GET /api/deparment HTTP/1.1" 200 416 "http://localhost:62408/" "Mozilla/5.0 (Macintosh; Intel Mac OS X 10_15_7) AppleWebKit/537.36 (KHTML, like Gecko) Chrome/96.0.4664.110 Safari/537.36" {"service":"itx-backend","timestamp":"2022-01-04T13:33:26.232Z"}
info: ::1 - - [04/Jan/2022:13:33:54 +0000] "GET /api/deparment HTTP/1.1" 200 416 "http://localhost:62408/" "Mozilla/5.0 (Macintosh; Intel Mac OS X 10_15_7) AppleWebKit/537.36 (KHTML, like Gecko) Chrome/96.0.4664.110 Safari/537.36" {"service":"itx-backend","timestamp":"2022-01-04T13:33:54.585Z"}
info: ::1 - - [04/Jan/2022:13:34:14 +0000] "GET /api/deparment HTTP/1.1" 200 416 "http://localhost:62408/" "Mozilla/5.0 (Macintosh; Intel Mac OS X 10_15_7) AppleWebKit/537.36 (KHTML, like Gecko) Chrome/96.0.4664.110 Safari/537.36" {"service":"itx-backend","timestamp":"2022-01-04T13:34:14.761Z"}
info: ::1 - - [04/Jan/2022:13:34:27 +0000] "GET /api/deparment HTTP/1.1" 200 416 "http://localhost:62408/" "Mozilla/5.0 (Macintosh; Intel Mac OS X 10_15_7) AppleWebKit/537.36 (KHTML, like Gecko) Chrome/96.0.4664.110 Safari/537.36" {"service":"itx-backend","timestamp":"2022-01-04T13:34:27.969Z"}
info: ::1 - - [04/Jan/2022:13:34:32 +0000] "GET /api/deparment HTTP/1.1" 200 416 "http://localhost:62408/" "Mozilla/5.0 (Macintosh; Intel Mac OS X 10_15_7) AppleWebKit/537.36 (KHTML, like Gecko) Chrome/96.0.4664.110 Safari/537.36" {"service":"itx-backend","timestamp":"2022-01-04T13:34:32.334Z"}
info: ::1 - - [04/Jan/2022:13:34:58 +0000] "GET /api/deparment HTTP/1.1" 200 416 "http://localhost:62408/" "Mozilla/5.0 (Macintosh; Intel Mac OS X 10_15_7) AppleWebKit/537.36 (KHTML, like Gecko) Chrome/96.0.4664.110 Safari/537.36" {"service":"itx-backend","timestamp":"2022-01-04T13:34:58.063Z"}
info: ::1 - - [04/Jan/2022:13:35:07 +0000] "GET /api/deparment HTTP/1.1" - - "http://localhost:62408/" "Mozilla/5.0 (Macintosh; Intel Mac OS X 10_15_7) AppleWebKit/537.36 (KHTML, like Gecko) Chrome/96.0.4664.110 Safari/537.36" {"service":"itx-backend","timestamp":"2022-01-04T13:35:07.326Z"}
info: ::1 - - [04/Jan/2022:13:35:07 +0000] "GET /api/deparment HTTP/1.1" 200 416 "http://localhost:62408/" "Mozilla/5.0 (Macintosh; Intel Mac OS X 10_15_7) AppleWebKit/537.36 (KHTML, like Gecko) Chrome/96.0.4664.110 Safari/537.36" {"service":"itx-backend","timestamp":"2022-01-04T13:35:07.792Z"}
info: ::1 - - [04/Jan/2022:13:35:16 +0000] "GET /api/deparment HTTP/1.1" 200 416 "http://localhost:62408/" "Mozilla/5.0 (Macintosh; Intel Mac OS X 10_15_7) AppleWebKit/537.36 (KHTML, like Gecko) Chrome/96.0.4664.110 Safari/537.36" {"service":"itx-backend","timestamp":"2022-01-04T13:35:16.207Z"}
info: ::1 - - [04/Jan/2022:13:35:32 +0000] "GET /api/deparment HTTP/1.1" 200 416 "http://localhost:62408/" "Mozilla/5.0 (Macintosh; Intel Mac OS X 10_15_7) AppleWebKit/537.36 (KHTML, like Gecko) Chrome/96.0.4664.110 Safari/537.36" {"service":"itx-backend","timestamp":"2022-01-04T13:35:32.785Z"}
info: ::1 - - [04/Jan/2022:13:36:58 +0000] "GET /api/deparment HTTP/1.1" 200 416 "http://localhost:62408/" "Mozilla/5.0 (Macintosh; Intel Mac OS X 10_15_7) AppleWebKit/537.36 (KHTML, like Gecko) Chrome/96.0.4664.110 Safari/537.36" {"service":"itx-backend","timestamp":"2022-01-04T13:36:58.399Z"}
info: ::1 - - [04/Jan/2022:13:37:02 +0000] "GET /api/deparment HTTP/1.1" 200 416 "http://localhost:62408/" "Mozilla/5.0 (Macintosh; Intel Mac OS X 10_15_7) AppleWebKit/537.36 (KHTML, like Gecko) Chrome/96.0.4664.110 Safari/537.36" {"service":"itx-backend","timestamp":"2022-01-04T13:37:02.832Z"}
info: ::1 - - [04/Jan/2022:13:37:22 +0000] "GET /api/deparment HTTP/1.1" 200 416 "http://localhost:62408/" "Mozilla/5.0 (Macintosh; Intel Mac OS X 10_15_7) AppleWebKit/537.36 (KHTML, like Gecko) Chrome/96.0.4664.110 Safari/537.36" {"service":"itx-backend","timestamp":"2022-01-04T13:37:22.040Z"}
info: ::1 - - [04/Jan/2022:13:37:26 +0000] "GET /api/deparment HTTP/1.1" 200 416 "http://localhost:62408/" "Mozilla/5.0 (Macintosh; Intel Mac OS X 10_15_7) AppleWebKit/537.36 (KHTML, like Gecko) Chrome/96.0.4664.110 Safari/537.36" {"service":"itx-backend","timestamp":"2022-01-04T13:37:26.634Z"}
info: ::1 - - [04/Jan/2022:13:39:06 +0000] "GET /api/deparment HTTP/1.1" 200 416 "http://localhost:62408/" "Mozilla/5.0 (Macintosh; Intel Mac OS X 10_15_7) AppleWebKit/537.36 (KHTML, like Gecko) Chrome/96.0.4664.110 Safari/537.36" {"service":"itx-backend","timestamp":"2022-01-04T13:39:06.994Z"}
info: ::1 - - [04/Jan/2022:13:41:47 +0000] "GET /api/deparment HTTP/1.1" 200 416 "http://localhost:62408/" "Mozilla/5.0 (Macintosh; Intel Mac OS X 10_15_7) AppleWebKit/537.36 (KHTML, like Gecko) Chrome/96.0.4664.110 Safari/537.36" {"service":"itx-backend","timestamp":"2022-01-04T13:41:47.453Z"}
info: ::1 - - [04/Jan/2022:13:43:29 +0000] "GET /api/deparment HTTP/1.1" 200 416 "http://localhost:62408/" "Mozilla/5.0 (Macintosh; Intel Mac OS X 10_15_7) AppleWebKit/537.36 (KHTML, like Gecko) Chrome/96.0.4664.110 Safari/537.36" {"service":"itx-backend","timestamp":"2022-01-04T13:43:29.033Z"}
info: ::1 - - [04/Jan/2022:13:43:58 +0000] "GET /api/deparment HTTP/1.1" 200 416 "http://localhost:62408/" "Mozilla/5.0 (Macintosh; Intel Mac OS X 10_15_7) AppleWebKit/537.36 (KHTML, like Gecko) Chrome/96.0.4664.110 Safari/537.36" {"service":"itx-backend","timestamp":"2022-01-04T13:43:58.215Z"}
info: ::1 - - [04/Jan/2022:13:46:35 +0000] "GET /api/deparment HTTP/1.1" 200 416 "http://localhost:62408/" "Mozilla/5.0 (Macintosh; Intel Mac OS X 10_15_7) AppleWebKit/537.36 (KHTML, like Gecko) Chrome/96.0.4664.110 Safari/537.36" {"service":"itx-backend","timestamp":"2022-01-04T13:46:35.923Z"}
info: ::1 - - [04/Jan/2022:13:46:45 +0000] "OPTIONS /api/employee HTTP/1.1" 204 0 "http://localhost:62408/" "Mozilla/5.0 (Macintosh; Intel Mac OS X 10_15_7) AppleWebKit/537.36 (KHTML, like Gecko) Chrome/96.0.4664.110 Safari/537.36" {"service":"itx-backend","timestamp":"2022-01-04T13:46:45.505Z"}
info: ::1 - - [04/Jan/2022:13:46:45 +0000] "POST /api/employee HTTP/1.1" 400 29 "http://localhost:62408/" "Mozilla/5.0 (Macintosh; Intel Mac OS X 10_15_7) AppleWebKit/537.36 (KHTML, like Gecko) Chrome/96.0.4664.110 Safari/537.36" {"service":"itx-backend","timestamp":"2022-01-04T13:46:45.509Z"}
info: ::1 - - [04/Jan/2022:13:46:54 +0000] "OPTIONS /api/employee HTTP/1.1" 204 0 "http://localhost:62408/" "Mozilla/5.0 (Macintosh; Intel Mac OS X 10_15_7) AppleWebKit/537.36 (KHTML, like Gecko) Chrome/96.0.4664.110 Safari/537.36" {"service":"itx-backend","timestamp":"2022-01-04T13:46:54.715Z"}
info: ::1 - - [04/Jan/2022:13:46:54 +0000] "POST /api/employee HTTP/1.1" 400 29 "http://localhost:62408/" "Mozilla/5.0 (Macintosh; Intel Mac OS X 10_15_7) AppleWebKit/537.36 (KHTML, like Gecko) Chrome/96.0.4664.110 Safari/537.36" {"service":"itx-backend","timestamp":"2022-01-04T13:46:54.717Z"}
info: ::1 - - [04/Jan/2022:13:48:56 +0000] "GET /api/deparment HTTP/1.1" 200 416 "http://localhost:62408/" "Mozilla/5.0 (Macintosh; Intel Mac OS X 10_15_7) AppleWebKit/537.36 (KHTML, like Gecko) Chrome/96.0.4664.110 Safari/537.36" {"service":"itx-backend","timestamp":"2022-01-04T13:48:56.022Z"}
info: ::1 - - [04/Jan/2022:13:49:01 +0000] "POST /api/employee HTTP/1.1" 201 254 "-" "PostmanRuntime/7.28.4" {"service":"itx-backend","timestamp":"2022-01-04T13:49:01.716Z"}
info: ::1 - - [04/Jan/2022:13:49:11 +0000] "OPTIONS /api/employee HTTP/1.1" 204 0 "http://localhost:62408/" "Mozilla/5.0 (Macintosh; Intel Mac OS X 10_15_7) AppleWebKit/537.36 (KHTML, like Gecko) Chrome/96.0.4664.110 Safari/537.36" {"service":"itx-backend","timestamp":"2022-01-04T13:49:11.226Z"}
info: ::1 - - [04/Jan/2022:13:49:11 +0000] "POST /api/employee HTTP/1.1" 400 29 "http://localhost:62408/" "Mozilla/5.0 (Macintosh; Intel Mac OS X 10_15_7) AppleWebKit/537.36 (KHTML, like Gecko) Chrome/96.0.4664.110 Safari/537.36" {"service":"itx-backend","timestamp":"2022-01-04T13:49:11.229Z"}
info: ::1 - - [04/Jan/2022:13:49:18 +0000] "OPTIONS /api/employee HTTP/1.1" 204 0 "http://localhost:62408/" "Mozilla/5.0 (Macintosh; Intel Mac OS X 10_15_7) AppleWebKit/537.36 (KHTML, like Gecko) Chrome/96.0.4664.110 Safari/537.36" {"service":"itx-backend","timestamp":"2022-01-04T13:49:18.210Z"}
info: ::1 - - [04/Jan/2022:13:49:18 +0000] "POST /api/employee HTTP/1.1" 400 29 "http://localhost:62408/" "Mozilla/5.0 (Macintosh; Intel Mac OS X 10_15_7) AppleWebKit/537.36 (KHTML, like Gecko) Chrome/96.0.4664.110 Safari/537.36" {"service":"itx-backend","timestamp":"2022-01-04T13:49:18.212Z"}
info: ::1 - - [04/Jan/2022:13:49:39 +0000] "GET /api/deparment HTTP/1.1" 200 416 "http://localhost:62408/" "Mozilla/5.0 (Macintosh; Intel Mac OS X 10_15_7) AppleWebKit/537.36 (KHTML, like Gecko) Chrome/96.0.4664.110 Safari/537.36" {"service":"itx-backend","timestamp":"2022-01-04T13:49:39.607Z"}
info: ::1 - - [04/Jan/2022:13:49:44 +0000] "OPTIONS /api/employee HTTP/1.1" 204 0 "http://localhost:62408/" "Mozilla/5.0 (Macintosh; Intel Mac OS X 10_15_7) AppleWebKit/537.36 (KHTML, like Gecko) Chrome/96.0.4664.110 Safari/537.36" {"service":"itx-backend","timestamp":"2022-01-04T13:49:44.808Z"}
info: ::1 - - [04/Jan/2022:13:49:45 +0000] "POST /api/employee HTTP/1.1" 201 253 "http://localhost:62408/" "Mozilla/5.0 (Macintosh; Intel Mac OS X 10_15_7) AppleWebKit/537.36 (KHTML, like Gecko) Chrome/96.0.4664.110 Safari/537.36" {"service":"itx-backend","timestamp":"2022-01-04T13:49:45.140Z"}
info: ::1 - - [04/Jan/2022:13:49:52 +0000] "OPTIONS /api/employee HTTP/1.1" 204 0 "http://localhost:62408/" "Mozilla/5.0 (Macintosh; Intel Mac OS X 10_15_7) AppleWebKit/537.36 (KHTML, like Gecko) Chrome/96.0.4664.110 Safari/537.36" {"service":"itx-backend","timestamp":"2022-01-04T13:49:52.295Z"}
info: ::1 - - [04/Jan/2022:13:49:52 +0000] "POST /api/employee HTTP/1.1" 201 253 "http://localhost:62408/" "Mozilla/5.0 (Macintosh; Intel Mac OS X 10_15_7) AppleWebKit/537.36 (KHTML, like Gecko) Chrome/96.0.4664.110 Safari/537.36" {"service":"itx-backend","timestamp":"2022-01-04T13:49:52.616Z"}
info: ::1 - - [04/Jan/2022:13:49:52 +0000] "POST /api/employee HTTP/1.1" 201 253 "http://localhost:62408/" "Mozilla/5.0 (Macintosh; Intel Mac OS X 10_15_7) AppleWebKit/537.36 (KHTML, like Gecko) Chrome/96.0.4664.110 Safari/537.36" {"service":"itx-backend","timestamp":"2022-01-04T13:49:52.905Z"}
info: ::1 - - [04/Jan/2022:13:52:29 +0000] "GET /api/deparment HTTP/1.1" 200 416 "http://localhost:62408/" "Mozilla/5.0 (Macintosh; Intel Mac OS X 10_15_7) AppleWebKit/537.36 (KHTML, like Gecko) Chrome/96.0.4664.110 Safari/537.36" {"service":"itx-backend","timestamp":"2022-01-04T13:52:29.102Z"}
info: ::1 - - [04/Jan/2022:13:52:34 +0000] "GET /api/deparment HTTP/1.1" 200 416 "http://localhost:62408/" "Mozilla/5.0 (Macintosh; Intel Mac OS X 10_15_7) AppleWebKit/537.36 (KHTML, like Gecko) Chrome/96.0.4664.110 Safari/537.36" {"service":"itx-backend","timestamp":"2022-01-04T13:52:34.515Z"}
info: ::1 - - [04/Jan/2022:13:52:42 +0000] "GET /api/deparment HTTP/1.1" 200 416 "http://localhost:62408/" "Mozilla/5.0 (Macintosh; Intel Mac OS X 10_15_7) AppleWebKit/537.36 (KHTML, like Gecko) Chrome/96.0.4664.110 Safari/537.36" {"service":"itx-backend","timestamp":"2022-01-04T13:52:42.298Z"}
info: ::1 - - [04/Jan/2022:13:53:17 +0000] "GET /api/deparment HTTP/1.1" 200 416 "http://localhost:62408/" "Mozilla/5.0 (Macintosh; Intel Mac OS X 10_15_7) AppleWebKit/537.36 (KHTML, like Gecko) Chrome/96.0.4664.110 Safari/537.36" {"service":"itx-backend","timestamp":"2022-01-04T13:53:17.778Z"}
info: ::1 - - [04/Jan/2022:13:53:53 +0000] "GET /api/deparment HTTP/1.1" 200 416 "http://localhost:62408/" "Mozilla/5.0 (Macintosh; Intel Mac OS X 10_15_7) AppleWebKit/537.36 (KHTML, like Gecko) Chrome/96.0.4664.110 Safari/537.36" {"service":"itx-backend","timestamp":"2022-01-04T13:53:53.374Z"}
info: ::1 - - [04/Jan/2022:13:54:08 +0000] "GET /api/deparment HTTP/1.1" 200 416 "http://localhost:62408/" "Mozilla/5.0 (Macintosh; Intel Mac OS X 10_15_7) AppleWebKit/537.36 (KHTML, like Gecko) Chrome/96.0.4664.110 Safari/537.36" {"service":"itx-backend","timestamp":"2022-01-04T13:54:08.682Z"}
info: ::1 - - [04/Jan/2022:13:54:19 +0000] "OPTIONS /api/employee HTTP/1.1" 204 0 "http://localhost:62408/" "Mozilla/5.0 (Macintosh; Intel Mac OS X 10_15_7) AppleWebKit/537.36 (KHTML, like Gecko) Chrome/96.0.4664.110 Safari/537.36" {"service":"itx-backend","timestamp":"2022-01-04T13:54:19.103Z"}
info: ::1 - - [04/Jan/2022:13:54:19 +0000] "POST /api/employee HTTP/1.1" 201 498 "http://localhost:62408/" "Mozilla/5.0 (Macintosh; Intel Mac OS X 10_15_7) AppleWebKit/537.36 (KHTML, like Gecko) Chrome/96.0.4664.110 Safari/537.36" {"service":"itx-backend","timestamp":"2022-01-04T13:54:19.110Z"}
info: ::1 - - [04/Jan/2022:13:54:52 +0000] "GET /api/deparment HTTP/1.1" 200 416 "http://localhost:62408/" "Mozilla/5.0 (Macintosh; Intel Mac OS X 10_15_7) AppleWebKit/537.36 (KHTML, like Gecko) Chrome/96.0.4664.110 Safari/537.36" {"service":"itx-backend","timestamp":"2022-01-04T13:54:52.048Z"}
info: ::1 - - [04/Jan/2022:13:56:46 +0000] "GET /api/deparment HTTP/1.1" 200 416 "http://localhost:62408/" "Mozilla/5.0 (Macintosh; Intel Mac OS X 10_15_7) AppleWebKit/537.36 (KHTML, like Gecko) Chrome/96.0.4664.110 Safari/537.36" {"service":"itx-backend","timestamp":"2022-01-04T13:56:46.938Z"}
info: ::1 - - [04/Jan/2022:13:57:07 +0000] "OPTIONS /api/employee HTTP/1.1" 204 0 "http://localhost:62408/" "Mozilla/5.0 (Macintosh; Intel Mac OS X 10_15_7) AppleWebKit/537.36 (KHTML, like Gecko) Chrome/96.0.4664.110 Safari/537.36" {"service":"itx-backend","timestamp":"2022-01-04T13:57:07.429Z"}
info: ::1 - - [04/Jan/2022:13:57:07 +0000] "POST /api/employee HTTP/1.1" 400 24 "http://localhost:62408/" "Mozilla/5.0 (Macintosh; Intel Mac OS X 10_15_7) AppleWebKit/537.36 (KHTML, like Gecko) Chrome/96.0.4664.110 Safari/537.36" {"service":"itx-backend","timestamp":"2022-01-04T13:57:07.433Z"}
info: ::1 - - [04/Jan/2022:13:57:25 +0000] "OPTIONS /api/employee HTTP/1.1" 204 0 "http://localhost:62408/" "Mozilla/5.0 (Macintosh; Intel Mac OS X 10_15_7) AppleWebKit/537.36 (KHTML, like Gecko) Chrome/96.0.4664.110 Safari/537.36" {"service":"itx-backend","timestamp":"2022-01-04T13:57:25.076Z"}
info: ::1 - - [04/Jan/2022:13:57:25 +0000] "POST /api/employee HTTP/1.1" 201 258 "http://localhost:62408/" "Mozilla/5.0 (Macintosh; Intel Mac OS X 10_15_7) AppleWebKit/537.36 (KHTML, like Gecko) Chrome/96.0.4664.110 Safari/537.36" {"service":"itx-backend","timestamp":"2022-01-04T13:57:25.318Z"}
info: ::1 - - [04/Jan/2022:13:58:02 +0000] "OPTIONS /api/employee HTTP/1.1" 204 0 "http://localhost:62408/" "Mozilla/5.0 (Macintosh; Intel Mac OS X 10_15_7) AppleWebKit/537.36 (KHTML, like Gecko) Chrome/96.0.4664.110 Safari/537.36" {"service":"itx-backend","timestamp":"2022-01-04T13:58:02.876Z"}
info: ::1 - - [04/Jan/2022:13:58:03 +0000] "POST /api/employee HTTP/1.1" 201 258 "http://localhost:62408/" "Mozilla/5.0 (Macintosh; Intel Mac OS X 10_15_7) AppleWebKit/537.36 (KHTML, like Gecko) Chrome/96.0.4664.110 Safari/537.36" {"service":"itx-backend","timestamp":"2022-01-04T13:58:03.126Z"}
info: ::1 - - [04/Jan/2022:13:58:31 +0000] "GET /api/deparment HTTP/1.1" 200 416 "http://localhost:62408/" "Mozilla/5.0 (Macintosh; Intel Mac OS X 10_15_7) AppleWebKit/537.36 (KHTML, like Gecko) Chrome/96.0.4664.110 Safari/537.36" {"service":"itx-backend","timestamp":"2022-01-04T13:58:31.796Z"}
info: ::1 - - [04/Jan/2022:13:58:49 +0000] "GET /api/deparment HTTP/1.1" 200 416 "http://localhost:62408/" "Mozilla/5.0 (Macintosh; Intel Mac OS X 10_15_7) AppleWebKit/537.36 (KHTML, like Gecko) Chrome/96.0.4664.110 Safari/537.36" {"service":"itx-backend","timestamp":"2022-01-04T13:58:49.204Z"}
info: ::1 - - [04/Jan/2022:13:59:28 +0000] "GET /api/deparment HTTP/1.1" 200 416 "http://localhost:62408/" "Mozilla/5.0 (Macintosh; Intel Mac OS X 10_15_7) AppleWebKit/537.36 (KHTML, like Gecko) Chrome/96.0.4664.110 Safari/537.36" {"service":"itx-backend","timestamp":"2022-01-04T13:59:28.106Z"}
info: ::1 - - [04/Jan/2022:13:59:53 +0000] "OPTIONS /api/employee HTTP/1.1" 204 0 "http://localhost:62408/" "Mozilla/5.0 (Macintosh; Intel Mac OS X 10_15_7) AppleWebKit/537.36 (KHTML, like Gecko) Chrome/96.0.4664.110 Safari/537.36" {"service":"itx-backend","timestamp":"2022-01-04T13:59:53.995Z"}
info: ::1 - - [04/Jan/2022:13:59:54 +0000] "POST /api/employee HTTP/1.1" 201 253 "http://localhost:62408/" "Mozilla/5.0 (Macintosh; Intel Mac OS X 10_15_7) AppleWebKit/537.36 (KHTML, like Gecko) Chrome/96.0.4664.110 Safari/537.36" {"service":"itx-backend","timestamp":"2022-01-04T13:59:54.330Z"}
info: ::1 - - [04/Jan/2022:14:00:09 +0000] "GET /api/deparment HTTP/1.1" 200 416 "http://localhost:62408/" "Mozilla/5.0 (Macintosh; Intel Mac OS X 10_15_7) AppleWebKit/537.36 (KHTML, like Gecko) Chrome/96.0.4664.110 Safari/537.36" {"service":"itx-backend","timestamp":"2022-01-04T14:00:09.827Z"}
info: ::1 - - [04/Jan/2022:14:09:57 +0000] "GET /api/deparment HTTP/1.1" 200 416 "http://localhost:4200/" "Mozilla/5.0 (Macintosh; Intel Mac OS X 10_15_7) AppleWebKit/537.36 (KHTML, like Gecko) Chrome/96.0.4664.110 Safari/537.36" {"service":"itx-backend","timestamp":"2022-01-04T14:09:57.948Z"}
info: ::1 - - [04/Jan/2022:14:09:59 +0000] "GET /api/employee HTTP/1.1" 200 604 "http://localhost:4200/" "Mozilla/5.0 (Macintosh; Intel Mac OS X 10_15_7) AppleWebKit/537.36 (KHTML, like Gecko) Chrome/96.0.4664.110 Safari/537.36" {"service":"itx-backend","timestamp":"2022-01-04T14:09:59.529Z"}
info: ::1 - - [04/Jan/2022:14:10:27 +0000] "GET /api/deparment HTTP/1.1" 200 416 "http://localhost:4200/" "Mozilla/5.0 (Macintosh; Intel Mac OS X 10_15_7) AppleWebKit/537.36 (KHTML, like Gecko) Chrome/96.0.4664.110 Safari/537.36" {"service":"itx-backend","timestamp":"2022-01-04T14:10:27.686Z"}
info: ::1 - - [04/Jan/2022:14:10:29 +0000] "GET /api/employee HTTP/1.1" 200 604 "http://localhost:4200/" "Mozilla/5.0 (Macintosh; Intel Mac OS X 10_15_7) AppleWebKit/537.36 (KHTML, like Gecko) Chrome/96.0.4664.110 Safari/537.36" {"service":"itx-backend","timestamp":"2022-01-04T14:10:29.121Z"}
info: ::1 - - [04/Jan/2022:14:10:31 +0000] "GET /api/employee HTTP/1.1" 200 604 "http://localhost:4200/" "Mozilla/5.0 (Macintosh; Intel Mac OS X 10_15_7) AppleWebKit/537.36 (KHTML, like Gecko) Chrome/96.0.4664.110 Safari/537.36" {"service":"itx-backend","timestamp":"2022-01-04T14:10:31.681Z"}
info: ::1 - - [04/Jan/2022:14:10:31 +0000] "GET /api/deparment HTTP/1.1" 200 416 "http://localhost:4200/" "Mozilla/5.0 (Macintosh; Intel Mac OS X 10_15_7) AppleWebKit/537.36 (KHTML, like Gecko) Chrome/96.0.4664.110 Safari/537.36" {"service":"itx-backend","timestamp":"2022-01-04T14:10:31.684Z"}
info: ::1 - - [04/Jan/2022:14:10:41 +0000] "GET /api/deparment HTTP/1.1" 200 416 "http://localhost:4200/" "Mozilla/5.0 (Macintosh; Intel Mac OS X 10_15_7) AppleWebKit/537.36 (KHTML, like Gecko) Chrome/96.0.4664.110 Safari/537.36" {"service":"itx-backend","timestamp":"2022-01-04T14:10:41.103Z"}
info: ::1 - - [04/Jan/2022:14:10:41 +0000] "GET /api/employee HTTP/1.1" 200 604 "http://localhost:4200/" "Mozilla/5.0 (Macintosh; Intel Mac OS X 10_15_7) AppleWebKit/537.36 (KHTML, like Gecko) Chrome/96.0.4664.110 Safari/537.36" {"service":"itx-backend","timestamp":"2022-01-04T14:10:41.103Z"}
info: ::1 - - [04/Jan/2022:14:12:39 +0000] "GET /api/deparment HTTP/1.1" 200 416 "http://localhost:4200/" "Mozilla/5.0 (Macintosh; Intel Mac OS X 10_15_7) AppleWebKit/537.36 (KHTML, like Gecko) Chrome/96.0.4664.110 Safari/537.36" {"service":"itx-backend","timestamp":"2022-01-04T14:12:39.683Z"}
info: ::1 - - [04/Jan/2022:14:12:39 +0000] "GET /api/employee HTTP/1.1" 200 604 "http://localhost:4200/" "Mozilla/5.0 (Macintosh; Intel Mac OS X 10_15_7) AppleWebKit/537.36 (KHTML, like Gecko) Chrome/96.0.4664.110 Safari/537.36" {"service":"itx-backend","timestamp":"2022-01-04T14:12:39.684Z"}
info: ::1 - - [04/Jan/2022:14:12:43 +0000] "GET /api/employee HTTP/1.1" 200 604 "http://localhost:4200/" "Mozilla/5.0 (Macintosh; Intel Mac OS X 10_15_7) AppleWebKit/537.36 (KHTML, like Gecko) Chrome/96.0.4664.110 Safari/537.36" {"service":"itx-backend","timestamp":"2022-01-04T14:12:43.609Z"}
info: ::1 - - [04/Jan/2022:14:12:43 +0000] "GET /api/deparment HTTP/1.1" 200 416 "http://localhost:4200/" "Mozilla/5.0 (Macintosh; Intel Mac OS X 10_15_7) AppleWebKit/537.36 (KHTML, like Gecko) Chrome/96.0.4664.110 Safari/537.36" {"service":"itx-backend","timestamp":"2022-01-04T14:12:43.610Z"}
info: ::1 - - [04/Jan/2022:14:13:04 +0000] "GET /api/deparment HTTP/1.1" 200 416 "http://localhost:4200/" "Mozilla/5.0 (Macintosh; Intel Mac OS X 10_15_7) AppleWebKit/537.36 (KHTML, like Gecko) Chrome/96.0.4664.110 Safari/537.36" {"service":"itx-backend","timestamp":"2022-01-04T14:13:04.154Z"}
info: ::1 - - [04/Jan/2022:14:13:04 +0000] "GET /api/employee HTTP/1.1" 200 604 "http://localhost:4200/" "Mozilla/5.0 (Macintosh; Intel Mac OS X 10_15_7) AppleWebKit/537.36 (KHTML, like Gecko) Chrome/96.0.4664.110 Safari/537.36" {"service":"itx-backend","timestamp":"2022-01-04T14:13:04.156Z"}
info: ::1 - - [04/Jan/2022:14:16:27 +0000] "GET /api/employee HTTP/1.1" 200 604 "http://localhost:4200/" "Mozilla/5.0 (Macintosh; Intel Mac OS X 10_15_7) AppleWebKit/537.36 (KHTML, like Gecko) Chrome/96.0.4664.110 Safari/537.36" {"service":"itx-backend","timestamp":"2022-01-04T14:16:27.853Z"}
info: ::1 - - [04/Jan/2022:14:16:27 +0000] "GET /api/deparment HTTP/1.1" 200 416 "http://localhost:4200/" "Mozilla/5.0 (Macintosh; Intel Mac OS X 10_15_7) AppleWebKit/537.36 (KHTML, like Gecko) Chrome/96.0.4664.110 Safari/537.36" {"service":"itx-backend","timestamp":"2022-01-04T14:16:27.855Z"}
info: ::1 - - [04/Jan/2022:14:16:48 +0000] "GET /api/deparment HTTP/1.1" 200 416 "http://localhost:4200/" "Mozilla/5.0 (Macintosh; Intel Mac OS X 10_15_7) AppleWebKit/537.36 (KHTML, like Gecko) Chrome/96.0.4664.110 Safari/537.36" {"service":"itx-backend","timestamp":"2022-01-04T14:16:48.219Z"}
info: ::1 - - [04/Jan/2022:14:16:48 +0000] "GET /api/employee HTTP/1.1" 200 604 "http://localhost:4200/" "Mozilla/5.0 (Macintosh; Intel Mac OS X 10_15_7) AppleWebKit/537.36 (KHTML, like Gecko) Chrome/96.0.4664.110 Safari/537.36" {"service":"itx-backend","timestamp":"2022-01-04T14:16:48.221Z"}
info: ::1 - - [04/Jan/2022:14:17:42 +0000] "GET /api/employee HTTP/1.1" 200 604 "http://localhost:4200/" "Mozilla/5.0 (Macintosh; Intel Mac OS X 10_15_7) AppleWebKit/537.36 (KHTML, like Gecko) Chrome/96.0.4664.110 Safari/537.36" {"service":"itx-backend","timestamp":"2022-01-04T14:17:42.733Z"}
info: ::1 - - [04/Jan/2022:14:17:42 +0000] "GET /api/deparment HTTP/1.1" 200 416 "http://localhost:4200/" "Mozilla/5.0 (Macintosh; Intel Mac OS X 10_15_7) AppleWebKit/537.36 (KHTML, like Gecko) Chrome/96.0.4664.110 Safari/537.36" {"service":"itx-backend","timestamp":"2022-01-04T14:17:42.735Z"}
info: ::1 - - [04/Jan/2022:14:17:43 +0000] "GET /api/employee HTTP/1.1" 200 604 "http://localhost:4200/" "Mozilla/5.0 (Macintosh; Intel Mac OS X 10_15_7) AppleWebKit/537.36 (KHTML, like Gecko) Chrome/96.0.4664.110 Safari/537.36" {"service":"itx-backend","timestamp":"2022-01-04T14:17:43.619Z"}
info: ::1 - - [04/Jan/2022:14:17:43 +0000] "GET /api/deparment HTTP/1.1" 200 416 "http://localhost:4200/" "Mozilla/5.0 (Macintosh; Intel Mac OS X 10_15_7) AppleWebKit/537.36 (KHTML, like Gecko) Chrome/96.0.4664.110 Safari/537.36" {"service":"itx-backend","timestamp":"2022-01-04T14:17:43.621Z"}
info: ::1 - - [04/Jan/2022:14:18:10 +0000] "GET /api/employee HTTP/1.1" 200 604 "http://localhost:4200/" "Mozilla/5.0 (Macintosh; Intel Mac OS X 10_15_7) AppleWebKit/537.36 (KHTML, like Gecko) Chrome/96.0.4664.110 Safari/537.36" {"service":"itx-backend","timestamp":"2022-01-04T14:18:10.023Z"}
info: ::1 - - [04/Jan/2022:14:18:10 +0000] "GET /api/deparment HTTP/1.1" 200 416 "http://localhost:4200/" "Mozilla/5.0 (Macintosh; Intel Mac OS X 10_15_7) AppleWebKit/537.36 (KHTML, like Gecko) Chrome/96.0.4664.110 Safari/537.36" {"service":"itx-backend","timestamp":"2022-01-04T14:18:10.026Z"}
info: ::1 - - [04/Jan/2022:14:18:12 +0000] "GET /api/deparment HTTP/1.1" 200 416 "http://localhost:4200/" "Mozilla/5.0 (Macintosh; Intel Mac OS X 10_15_7) AppleWebKit/537.36 (KHTML, like Gecko) Chrome/96.0.4664.110 Safari/537.36" {"service":"itx-backend","timestamp":"2022-01-04T14:18:12.559Z"}
info: ::1 - - [04/Jan/2022:14:18:12 +0000] "GET /api/employee HTTP/1.1" 200 604 "http://localhost:4200/" "Mozilla/5.0 (Macintosh; Intel Mac OS X 10_15_7) AppleWebKit/537.36 (KHTML, like Gecko) Chrome/96.0.4664.110 Safari/537.36" {"service":"itx-backend","timestamp":"2022-01-04T14:18:12.567Z"}
info: ::1 - - [04/Jan/2022:14:18:18 +0000] "GET /api/deparment HTTP/1.1" 200 416 "http://localhost:4200/" "Mozilla/5.0 (Macintosh; Intel Mac OS X 10_15_7) AppleWebKit/537.36 (KHTML, like Gecko) Chrome/96.0.4664.110 Safari/537.36" {"service":"itx-backend","timestamp":"2022-01-04T14:18:18.316Z"}
info: ::1 - - [04/Jan/2022:14:18:18 +0000] "GET /api/employee HTTP/1.1" 200 604 "http://localhost:4200/" "Mozilla/5.0 (Macintosh; Intel Mac OS X 10_15_7) AppleWebKit/537.36 (KHTML, like Gecko) Chrome/96.0.4664.110 Safari/537.36" {"service":"itx-backend","timestamp":"2022-01-04T14:18:18.320Z"}
info: ::1 - - [04/Jan/2022:14:18:46 +0000] "OPTIONS /api/employee HTTP/1.1" 204 0 "http://localhost:4200/" "Mozilla/5.0 (Macintosh; Intel Mac OS X 10_15_7) AppleWebKit/537.36 (KHTML, like Gecko) Chrome/96.0.4664.110 Safari/537.36" {"service":"itx-backend","timestamp":"2022-01-04T14:18:46.990Z"}
info: ::1 - - [04/Jan/2022:14:18:46 +0000] "POST /api/employee HTTP/1.1" 201 498 "http://localhost:4200/" "Mozilla/5.0 (Macintosh; Intel Mac OS X 10_15_7) AppleWebKit/537.36 (KHTML, like Gecko) Chrome/96.0.4664.110 Safari/537.36" {"service":"itx-backend","timestamp":"2022-01-04T14:18:46.996Z"}
info: ::1 - - [04/Jan/2022:14:18:49 +0000] "POST /api/employee HTTP/1.1" 201 260 "http://localhost:4200/" "Mozilla/5.0 (Macintosh; Intel Mac OS X 10_15_7) AppleWebKit/537.36 (KHTML, like Gecko) Chrome/96.0.4664.110 Safari/537.36" {"service":"itx-backend","timestamp":"2022-01-04T14:18:49.238Z"}
info: ::1 - - [04/Jan/2022:14:18:51 +0000] "POST /api/employee HTTP/1.1" 201 260 "http://localhost:4200/" "Mozilla/5.0 (Macintosh; Intel Mac OS X 10_15_7) AppleWebKit/537.36 (KHTML, like Gecko) Chrome/96.0.4664.110 Safari/537.36" {"service":"itx-backend","timestamp":"2022-01-04T14:18:51.523Z"}
info: ::1 - - [04/Jan/2022:14:18:58 +0000] "GET /api/employee HTTP/1.1" 200 604 "http://localhost:4200/" "Mozilla/5.0 (Macintosh; Intel Mac OS X 10_15_7) AppleWebKit/537.36 (KHTML, like Gecko) Chrome/96.0.4664.110 Safari/537.36" {"service":"itx-backend","timestamp":"2022-01-04T14:18:58.149Z"}
info: ::1 - - [04/Jan/2022:14:18:58 +0000] "GET /api/deparment HTTP/1.1" 200 416 "http://localhost:4200/" "Mozilla/5.0 (Macintosh; Intel Mac OS X 10_15_7) AppleWebKit/537.36 (KHTML, like Gecko) Chrome/96.0.4664.110 Safari/537.36" {"service":"itx-backend","timestamp":"2022-01-04T14:18:58.152Z"}
info: ::1 - - [04/Jan/2022:14:19:03 +0000] "OPTIONS /api/employee HTTP/1.1" 204 0 "http://localhost:4200/" "Mozilla/5.0 (Macintosh; Intel Mac OS X 10_15_7) AppleWebKit/537.36 (KHTML, like Gecko) Chrome/96.0.4664.110 Safari/537.36" {"service":"itx-backend","timestamp":"2022-01-04T14:19:03.339Z"}
info: ::1 - - [04/Jan/2022:14:19:03 +0000] "POST /api/employee HTTP/1.1" 201 498 "http://localhost:4200/" "Mozilla/5.0 (Macintosh; Intel Mac OS X 10_15_7) AppleWebKit/537.36 (KHTML, like Gecko) Chrome/96.0.4664.110 Safari/537.36" {"service":"itx-backend","timestamp":"2022-01-04T14:19:03.344Z"}
info: ::1 - - [04/Jan/2022:14:19:10 +0000] "OPTIONS /api/employee HTTP/1.1" 204 0 "http://localhost:4200/" "Mozilla/5.0 (Macintosh; Intel Mac OS X 10_15_7) AppleWebKit/537.36 (KHTML, like Gecko) Chrome/96.0.4664.110 Safari/537.36" {"service":"itx-backend","timestamp":"2022-01-04T14:19:10.608Z"}
info: ::1 - - [04/Jan/2022:14:19:10 +0000] "POST /api/employee HTTP/1.1" 201 259 "http://localhost:4200/" "Mozilla/5.0 (Macintosh; Intel Mac OS X 10_15_7) AppleWebKit/537.36 (KHTML, like Gecko) Chrome/96.0.4664.110 Safari/537.36" {"service":"itx-backend","timestamp":"2022-01-04T14:19:10.947Z"}
info: ::1 - - [04/Jan/2022:14:19:14 +0000] "GET /api/deparment HTTP/1.1" 200 416 "http://localhost:4200/" "Mozilla/5.0 (Macintosh; Intel Mac OS X 10_15_7) AppleWebKit/537.36 (KHTML, like Gecko) Chrome/96.0.4664.110 Safari/537.36" {"service":"itx-backend","timestamp":"2022-01-04T14:19:14.942Z"}
info: ::1 - - [04/Jan/2022:14:19:14 +0000] "GET /api/employee HTTP/1.1" 200 604 "http://localhost:4200/" "Mozilla/5.0 (Macintosh; Intel Mac OS X 10_15_7) AppleWebKit/537.36 (KHTML, like Gecko) Chrome/96.0.4664.110 Safari/537.36" {"service":"itx-backend","timestamp":"2022-01-04T14:19:14.943Z"}
info: ::1 - - [04/Jan/2022:14:19:39 +0000] "GET /api/employee HTTP/1.1" 200 604 "http://localhost:4200/" "Mozilla/5.0 (Macintosh; Intel Mac OS X 10_15_7) AppleWebKit/537.36 (KHTML, like Gecko) Chrome/96.0.4664.110 Safari/537.36" {"service":"itx-backend","timestamp":"2022-01-04T14:19:39.006Z"}
info: ::1 - - [04/Jan/2022:14:19:39 +0000] "GET /api/deparment HTTP/1.1" 200 416 "http://localhost:4200/" "Mozilla/5.0 (Macintosh; Intel Mac OS X 10_15_7) AppleWebKit/537.36 (KHTML, like Gecko) Chrome/96.0.4664.110 Safari/537.36" {"service":"itx-backend","timestamp":"2022-01-04T14:19:39.008Z"}
info: ::1 - - [04/Jan/2022:14:20:29 +0000] "GET /api/employee HTTP/1.1" 200 604 "http://localhost:4200/" "Mozilla/5.0 (Macintosh; Intel Mac OS X 10_15_7) AppleWebKit/537.36 (KHTML, like Gecko) Chrome/96.0.4664.110 Safari/537.36" {"service":"itx-backend","timestamp":"2022-01-04T14:20:29.387Z"}
info: ::1 - - [04/Jan/2022:14:20:29 +0000] "GET /api/deparment HTTP/1.1" 200 416 "http://localhost:4200/" "Mozilla/5.0 (Macintosh; Intel Mac OS X 10_15_7) AppleWebKit/537.36 (KHTML, like Gecko) Chrome/96.0.4664.110 Safari/537.36" {"service":"itx-backend","timestamp":"2022-01-04T14:20:29.387Z"}
info: ::1 - - [04/Jan/2022:14:20:56 +0000] "POST /api/employee HTTP/1.1" 201 254 "-" "PostmanRuntime/7.28.4" {"service":"itx-backend","timestamp":"2022-01-04T14:20:56.417Z"}
info: ::1 - - [04/Jan/2022:14:21:01 +0000] "GET /api/deparment HTTP/1.1" 200 416 "-" "PostmanRuntime/7.28.4" {"service":"itx-backend","timestamp":"2022-01-04T14:21:01.766Z"}
info: ::1 - - [04/Jan/2022:14:21:08 +0000] "GET /api/employee HTTP/1.1" 200 604 "-" "PostmanRuntime/7.28.4" {"service":"itx-backend","timestamp":"2022-01-04T14:21:08.641Z"}
info: Server running on port 5005 {"service":"itx-backend","timestamp":"2022-01-04T14:21:50.675Z"}
info: ::1 - - [04/Jan/2022:14:21:58 +0000] "GET /api/deparment HTTP/1.1" 200 416 "http://localhost:4200/" "Mozilla/5.0 (Macintosh; Intel Mac OS X 10_15_7) AppleWebKit/537.36 (KHTML, like Gecko) Chrome/96.0.4664.110 Safari/537.36" {"service":"itx-backend","timestamp":"2022-01-04T14:21:58.675Z"}
info: ::1 - - [04/Jan/2022:14:22:00 +0000] "GET /api/employee HTTP/1.1" 200 669 "http://localhost:4200/" "Mozilla/5.0 (Macintosh; Intel Mac OS X 10_15_7) AppleWebKit/537.36 (KHTML, like Gecko) Chrome/96.0.4664.110 Safari/537.36" {"service":"itx-backend","timestamp":"2022-01-04T14:22:00.085Z"}
info: Server running on port 5005 {"service":"itx-backend","timestamp":"2022-01-04T14:23:26.521Z"}
info: Schema hasn't been registered for model "Deparments".
Use mongoose.model(name, schema) MissingSchemaError: Schema hasn't been registered for model "Deparments".
Use mongoose.model(name, schema)
    at NativeConnection.Connection.model (/Users/luisgarces/dev/itx-company/backend/node_modules/mongoose/lib/connection.js:1133:11)
    at _getModelFromConn (/Users/luisgarces/dev/itx-company/backend/node_modules/mongoose/lib/helpers/populate/getModelsMapForPopulate.js:576:15)
    at addModelNamesToMap (/Users/luisgarces/dev/itx-company/backend/node_modules/mongoose/lib/helpers/populate/getModelsMapForPopulate.js:502:17)
    at getModelsMapForPopulate (/Users/luisgarces/dev/itx-company/backend/node_modules/mongoose/lib/helpers/populate/getModelsMapForPopulate.js:196:7)
    at populate (/Users/luisgarces/dev/itx-company/backend/node_modules/mongoose/lib/model.js:4464:21)
    at _populate (/Users/luisgarces/dev/itx-company/backend/node_modules/mongoose/lib/model.js:4431:5)
    at /Users/luisgarces/dev/itx-company/backend/node_modules/mongoose/lib/model.js:4409:5
    at /Users/luisgarces/dev/itx-company/backend/node_modules/mongoose/lib/helpers/promiseOrCallback.js:32:5
    at new Promise (<anonymous>)
    at promiseOrCallback (/Users/luisgarces/dev/itx-company/backend/node_modules/mongoose/lib/helpers/promiseOrCallback.js:31:10) {"service":"itx-backend","timestamp":"2022-01-04T14:23:32.231Z"}
info: Server running on port 5005 {"service":"itx-backend","timestamp":"2022-01-04T14:24:07.637Z"}
info: Schema hasn't been registered for model "Departments".
Use mongoose.model(name, schema) MissingSchemaError: Schema hasn't been registered for model "Departments".
Use mongoose.model(name, schema)
    at NativeConnection.Connection.model (/Users/luisgarces/dev/itx-company/backend/node_modules/mongoose/lib/connection.js:1133:11)
    at _getModelFromConn (/Users/luisgarces/dev/itx-company/backend/node_modules/mongoose/lib/helpers/populate/getModelsMapForPopulate.js:576:15)
    at addModelNamesToMap (/Users/luisgarces/dev/itx-company/backend/node_modules/mongoose/lib/helpers/populate/getModelsMapForPopulate.js:502:17)
    at getModelsMapForPopulate (/Users/luisgarces/dev/itx-company/backend/node_modules/mongoose/lib/helpers/populate/getModelsMapForPopulate.js:196:7)
    at populate (/Users/luisgarces/dev/itx-company/backend/node_modules/mongoose/lib/model.js:4464:21)
    at _populate (/Users/luisgarces/dev/itx-company/backend/node_modules/mongoose/lib/model.js:4431:5)
    at /Users/luisgarces/dev/itx-company/backend/node_modules/mongoose/lib/model.js:4409:5
    at /Users/luisgarces/dev/itx-company/backend/node_modules/mongoose/lib/helpers/promiseOrCallback.js:32:5
    at new Promise (<anonymous>)
    at promiseOrCallback (/Users/luisgarces/dev/itx-company/backend/node_modules/mongoose/lib/helpers/promiseOrCallback.js:31:10) {"service":"itx-backend","timestamp":"2022-01-04T14:24:12.747Z"}
info: Server running on port 5005 {"service":"itx-backend","timestamp":"2022-01-04T14:25:15.741Z"}
info: ::1 - - [04/Jan/2022:14:25:21 +0000] "GET /api/employee HTTP/1.1" 200 1238 "-" "PostmanRuntime/7.28.4" {"service":"itx-backend","timestamp":"2022-01-04T14:25:21.364Z"}
info: Server running on port 5005 {"service":"itx-backend","timestamp":"2022-01-04T14:28:06.854Z"}
info: ::1 - - [04/Jan/2022:14:28:12 +0000] "GET /api/employee HTTP/1.1" 200 598 "-" "PostmanRuntime/7.28.4" {"service":"itx-backend","timestamp":"2022-01-04T14:28:12.299Z"}
info: ::1 - - [04/Jan/2022:14:28:18 +0000] "GET /api/deparment HTTP/1.1" 200 416 "http://localhost:4200/" "Mozilla/5.0 (Macintosh; Intel Mac OS X 10_15_7) AppleWebKit/537.36 (KHTML, like Gecko) Chrome/96.0.4664.110 Safari/537.36" {"service":"itx-backend","timestamp":"2022-01-04T14:28:18.688Z"}
info: ::1 - - [04/Jan/2022:14:28:20 +0000] "GET /api/employee HTTP/1.1" 200 598 "http://localhost:4200/" "Mozilla/5.0 (Macintosh; Intel Mac OS X 10_15_7) AppleWebKit/537.36 (KHTML, like Gecko) Chrome/96.0.4664.110 Safari/537.36" {"service":"itx-backend","timestamp":"2022-01-04T14:28:20.087Z"}
info: ::1 - - [04/Jan/2022:14:33:22 +0000] "GET /api/deparment HTTP/1.1" 200 416 "http://localhost:4200/" "Mozilla/5.0 (Macintosh; Intel Mac OS X 10_15_7) AppleWebKit/537.36 (KHTML, like Gecko) Chrome/96.0.4664.110 Safari/537.36" {"service":"itx-backend","timestamp":"2022-01-04T14:33:22.683Z"}
info: ::1 - - [04/Jan/2022:14:33:22 +0000] "GET /api/employee HTTP/1.1" 200 598 "http://localhost:4200/" "Mozilla/5.0 (Macintosh; Intel Mac OS X 10_15_7) AppleWebKit/537.36 (KHTML, like Gecko) Chrome/96.0.4664.110 Safari/537.36" {"service":"itx-backend","timestamp":"2022-01-04T14:33:22.967Z"}
info: ::1 - - [04/Jan/2022:14:33:49 +0000] "GET /api/deparment HTTP/1.1" 200 416 "http://localhost:4200/" "Mozilla/5.0 (Macintosh; Intel Mac OS X 10_15_7) AppleWebKit/537.36 (KHTML, like Gecko) Chrome/96.0.4664.110 Safari/537.36" {"service":"itx-backend","timestamp":"2022-01-04T14:33:49.692Z"}
info: ::1 - - [04/Jan/2022:14:33:50 +0000] "GET /api/employee HTTP/1.1" 200 598 "http://localhost:4200/" "Mozilla/5.0 (Macintosh; Intel Mac OS X 10_15_7) AppleWebKit/537.36 (KHTML, like Gecko) Chrome/96.0.4664.110 Safari/537.36" {"service":"itx-backend","timestamp":"2022-01-04T14:33:50.000Z"}
info: ::1 - - [04/Jan/2022:14:34:04 +0000] "GET /api/deparment HTTP/1.1" 200 416 "http://localhost:4200/" "Mozilla/5.0 (Macintosh; Intel Mac OS X 10_15_7) AppleWebKit/537.36 (KHTML, like Gecko) Chrome/96.0.4664.110 Safari/537.36" {"service":"itx-backend","timestamp":"2022-01-04T14:34:04.245Z"}
info: ::1 - - [04/Jan/2022:14:34:04 +0000] "GET /api/employee HTTP/1.1" 200 598 "http://localhost:4200/" "Mozilla/5.0 (Macintosh; Intel Mac OS X 10_15_7) AppleWebKit/537.36 (KHTML, like Gecko) Chrome/96.0.4664.110 Safari/537.36" {"service":"itx-backend","timestamp":"2022-01-04T14:34:04.539Z"}
info: ::1 - - [04/Jan/2022:14:34:10 +0000] "GET /api/deparment HTTP/1.1" 200 416 "http://localhost:4200/" "Mozilla/5.0 (Macintosh; Intel Mac OS X 10_15_7) AppleWebKit/537.36 (KHTML, like Gecko) Chrome/96.0.4664.110 Safari/537.36" {"service":"itx-backend","timestamp":"2022-01-04T14:34:10.198Z"}
info: ::1 - - [04/Jan/2022:14:34:10 +0000] "GET /api/employee HTTP/1.1" 200 598 "http://localhost:4200/" "Mozilla/5.0 (Macintosh; Intel Mac OS X 10_15_7) AppleWebKit/537.36 (KHTML, like Gecko) Chrome/96.0.4664.110 Safari/537.36" {"service":"itx-backend","timestamp":"2022-01-04T14:34:10.429Z"}
info: ::1 - - [04/Jan/2022:14:34:24 +0000] "GET /api/deparment HTTP/1.1" 200 416 "http://localhost:4200/" "Mozilla/5.0 (Macintosh; Intel Mac OS X 10_15_7) AppleWebKit/537.36 (KHTML, like Gecko) Chrome/96.0.4664.110 Safari/537.36" {"service":"itx-backend","timestamp":"2022-01-04T14:34:24.402Z"}
info: ::1 - - [04/Jan/2022:14:34:24 +0000] "GET /api/employee HTTP/1.1" 200 598 "http://localhost:4200/" "Mozilla/5.0 (Macintosh; Intel Mac OS X 10_15_7) AppleWebKit/537.36 (KHTML, like Gecko) Chrome/96.0.4664.110 Safari/537.36" {"service":"itx-backend","timestamp":"2022-01-04T14:34:24.711Z"}
info: ::1 - - [04/Jan/2022:14:36:17 +0000] "GET /api/deparment HTTP/1.1" 200 416 "http://localhost:4200/" "Mozilla/5.0 (Macintosh; Intel Mac OS X 10_15_7) AppleWebKit/537.36 (KHTML, like Gecko) Chrome/96.0.4664.110 Safari/537.36" {"service":"itx-backend","timestamp":"2022-01-04T14:36:17.462Z"}
info: ::1 - - [04/Jan/2022:14:36:17 +0000] "GET /api/employee HTTP/1.1" 200 598 "http://localhost:4200/" "Mozilla/5.0 (Macintosh; Intel Mac OS X 10_15_7) AppleWebKit/537.36 (KHTML, like Gecko) Chrome/96.0.4664.110 Safari/537.36" {"service":"itx-backend","timestamp":"2022-01-04T14:36:17.699Z"}
info: ::1 - - [04/Jan/2022:14:36:33 +0000] "GET /api/deparment HTTP/1.1" 200 416 "http://localhost:4200/" "Mozilla/5.0 (Macintosh; Intel Mac OS X 10_15_7) AppleWebKit/537.36 (KHTML, like Gecko) Chrome/96.0.4664.110 Safari/537.36" {"service":"itx-backend","timestamp":"2022-01-04T14:36:33.469Z"}
info: ::1 - - [04/Jan/2022:14:36:33 +0000] "GET /api/employee HTTP/1.1" 200 598 "http://localhost:4200/" "Mozilla/5.0 (Macintosh; Intel Mac OS X 10_15_7) AppleWebKit/537.36 (KHTML, like Gecko) Chrome/96.0.4664.110 Safari/537.36" {"service":"itx-backend","timestamp":"2022-01-04T14:36:33.775Z"}
info: ::1 - - [04/Jan/2022:14:37:05 +0000] "GET /api/deparment HTTP/1.1" 200 416 "http://localhost:4200/" "Mozilla/5.0 (Macintosh; Intel Mac OS X 10_15_7) AppleWebKit/537.36 (KHTML, like Gecko) Chrome/96.0.4664.110 Safari/537.36" {"service":"itx-backend","timestamp":"2022-01-04T14:37:05.439Z"}
info: ::1 - - [04/Jan/2022:14:37:05 +0000] "GET /api/employee HTTP/1.1" 200 598 "http://localhost:4200/" "Mozilla/5.0 (Macintosh; Intel Mac OS X 10_15_7) AppleWebKit/537.36 (KHTML, like Gecko) Chrome/96.0.4664.110 Safari/537.36" {"service":"itx-backend","timestamp":"2022-01-04T14:37:05.726Z"}
info: ::1 - - [04/Jan/2022:14:37:20 +0000] "GET /api/deparment HTTP/1.1" 200 416 "http://localhost:4200/" "Mozilla/5.0 (Macintosh; Intel Mac OS X 10_15_7) AppleWebKit/537.36 (KHTML, like Gecko) Chrome/96.0.4664.110 Safari/537.36" {"service":"itx-backend","timestamp":"2022-01-04T14:37:20.650Z"}
info: ::1 - - [04/Jan/2022:14:37:20 +0000] "GET /api/employee HTTP/1.1" 200 598 "http://localhost:4200/" "Mozilla/5.0 (Macintosh; Intel Mac OS X 10_15_7) AppleWebKit/537.36 (KHTML, like Gecko) Chrome/96.0.4664.110 Safari/537.36" {"service":"itx-backend","timestamp":"2022-01-04T14:37:20.883Z"}
info: ::1 - - [04/Jan/2022:14:39:27 +0000] "GET /api/deparment?page=1&limit=5 HTTP/1.1" 200 416 "http://localhost:4200/" "Mozilla/5.0 (Macintosh; Intel Mac OS X 10_15_7) AppleWebKit/537.36 (KHTML, like Gecko) Chrome/96.0.4664.110 Safari/537.36" {"service":"itx-backend","timestamp":"2022-01-04T14:39:27.035Z"}
info: ::1 - - [04/Jan/2022:14:39:27 +0000] "GET /api/employee HTTP/1.1" 200 598 "http://localhost:4200/" "Mozilla/5.0 (Macintosh; Intel Mac OS X 10_15_7) AppleWebKit/537.36 (KHTML, like Gecko) Chrome/96.0.4664.110 Safari/537.36" {"service":"itx-backend","timestamp":"2022-01-04T14:39:27.261Z"}
info: ::1 - - [04/Jan/2022:14:40:01 +0000] "GET /api/deparment?page=1&limit=5 HTTP/1.1" 200 416 "http://localhost:4200/" "Mozilla/5.0 (Macintosh; Intel Mac OS X 10_15_7) AppleWebKit/537.36 (KHTML, like Gecko) Chrome/96.0.4664.110 Safari/537.36" {"service":"itx-backend","timestamp":"2022-01-04T14:40:01.921Z"}
info: ::1 - - [04/Jan/2022:14:40:02 +0000] "GET /api/employee HTTP/1.1" 200 598 "http://localhost:4200/" "Mozilla/5.0 (Macintosh; Intel Mac OS X 10_15_7) AppleWebKit/537.36 (KHTML, like Gecko) Chrome/96.0.4664.110 Safari/537.36" {"service":"itx-backend","timestamp":"2022-01-04T14:40:02.164Z"}
info: ::1 - - [04/Jan/2022:14:40:15 +0000] "GET /api/deparment?page=1&limit=5 HTTP/1.1" 200 416 "http://localhost:4200/" "Mozilla/5.0 (Macintosh; Intel Mac OS X 10_15_7) AppleWebKit/537.36 (KHTML, like Gecko) Chrome/96.0.4664.110 Safari/537.36" {"service":"itx-backend","timestamp":"2022-01-04T14:40:15.998Z"}
info: ::1 - - [04/Jan/2022:14:40:16 +0000] "GET /api/employee HTTP/1.1" 200 598 "http://localhost:4200/" "Mozilla/5.0 (Macintosh; Intel Mac OS X 10_15_7) AppleWebKit/537.36 (KHTML, like Gecko) Chrome/96.0.4664.110 Safari/537.36" {"service":"itx-backend","timestamp":"2022-01-04T14:40:16.296Z"}
info: ::1 - - [04/Jan/2022:14:40:55 +0000] "GET /api/deparment?page=1&limit=5 HTTP/1.1" 200 416 "http://localhost:4200/" "Mozilla/5.0 (Macintosh; Intel Mac OS X 10_15_7) AppleWebKit/537.36 (KHTML, like Gecko) Chrome/96.0.4664.110 Safari/537.36" {"service":"itx-backend","timestamp":"2022-01-04T14:40:55.517Z"}
info: ::1 - - [04/Jan/2022:14:40:55 +0000] "GET /api/employee HTTP/1.1" 200 598 "http://localhost:4200/" "Mozilla/5.0 (Macintosh; Intel Mac OS X 10_15_7) AppleWebKit/537.36 (KHTML, like Gecko) Chrome/96.0.4664.110 Safari/537.36" {"service":"itx-backend","timestamp":"2022-01-04T14:40:55.799Z"}
info: ::1 - - [04/Jan/2022:14:41:36 +0000] "GET /api/deparment?page=1&limit=5 HTTP/1.1" 200 416 "http://localhost:4200/" "Mozilla/5.0 (Macintosh; Intel Mac OS X 10_15_7) AppleWebKit/537.36 (KHTML, like Gecko) Chrome/96.0.4664.110 Safari/537.36" {"service":"itx-backend","timestamp":"2022-01-04T14:41:36.719Z"}
info: ::1 - - [04/Jan/2022:14:41:36 +0000] "GET /api/employee HTTP/1.1" 200 598 "http://localhost:4200/" "Mozilla/5.0 (Macintosh; Intel Mac OS X 10_15_7) AppleWebKit/537.36 (KHTML, like Gecko) Chrome/96.0.4664.110 Safari/537.36" {"service":"itx-backend","timestamp":"2022-01-04T14:41:36.951Z"}
info: ::1 - - [04/Jan/2022:14:41:42 +0000] "GET /api/deparment?page=2&limit=5 HTTP/1.1" 200 160 "http://localhost:4200/" "Mozilla/5.0 (Macintosh; Intel Mac OS X 10_15_7) AppleWebKit/537.36 (KHTML, like Gecko) Chrome/96.0.4664.110 Safari/537.36" {"service":"itx-backend","timestamp":"2022-01-04T14:41:42.418Z"}
info: ::1 - - [04/Jan/2022:14:41:42 +0000] "GET /api/employee HTTP/1.1" 200 598 "http://localhost:4200/" "Mozilla/5.0 (Macintosh; Intel Mac OS X 10_15_7) AppleWebKit/537.36 (KHTML, like Gecko) Chrome/96.0.4664.110 Safari/537.36" {"service":"itx-backend","timestamp":"2022-01-04T14:41:42.650Z"}
info: ::1 - - [04/Jan/2022:14:41:49 +0000] "GET /api/deparment?page=3&limit=5 HTTP/1.1" 200 161 "http://localhost:4200/" "Mozilla/5.0 (Macintosh; Intel Mac OS X 10_15_7) AppleWebKit/537.36 (KHTML, like Gecko) Chrome/96.0.4664.110 Safari/537.36" {"service":"itx-backend","timestamp":"2022-01-04T14:41:49.279Z"}
info: ::1 - - [04/Jan/2022:14:41:49 +0000] "GET /api/employee HTTP/1.1" 200 598 "http://localhost:4200/" "Mozilla/5.0 (Macintosh; Intel Mac OS X 10_15_7) AppleWebKit/537.36 (KHTML, like Gecko) Chrome/96.0.4664.110 Safari/537.36" {"service":"itx-backend","timestamp":"2022-01-04T14:41:49.513Z"}
info: ::1 - - [04/Jan/2022:14:42:09 +0000] "GET /api/deparment?page=1&limit=5 HTTP/1.1" 200 416 "http://localhost:4200/" "Mozilla/5.0 (Macintosh; Intel Mac OS X 10_15_7) AppleWebKit/537.36 (KHTML, like Gecko) Chrome/96.0.4664.110 Safari/537.36" {"service":"itx-backend","timestamp":"2022-01-04T14:42:09.248Z"}
info: ::1 - - [04/Jan/2022:14:42:09 +0000] "GET /api/employee HTTP/1.1" 200 598 "http://localhost:4200/" "Mozilla/5.0 (Macintosh; Intel Mac OS X 10_15_7) AppleWebKit/537.36 (KHTML, like Gecko) Chrome/96.0.4664.110 Safari/537.36" {"service":"itx-backend","timestamp":"2022-01-04T14:42:09.481Z"}
info: ::1 - - [04/Jan/2022:14:42:12 +0000] "GET /api/deparment?page=2&limit=5 HTTP/1.1" 200 160 "http://localhost:4200/" "Mozilla/5.0 (Macintosh; Intel Mac OS X 10_15_7) AppleWebKit/537.36 (KHTML, like Gecko) Chrome/96.0.4664.110 Safari/537.36" {"service":"itx-backend","timestamp":"2022-01-04T14:42:12.206Z"}
info: ::1 - - [04/Jan/2022:14:42:12 +0000] "GET /api/employee HTTP/1.1" 200 598 "http://localhost:4200/" "Mozilla/5.0 (Macintosh; Intel Mac OS X 10_15_7) AppleWebKit/537.36 (KHTML, like Gecko) Chrome/96.0.4664.110 Safari/537.36" {"service":"itx-backend","timestamp":"2022-01-04T14:42:12.439Z"}
info: ::1 - - [04/Jan/2022:14:42:50 +0000] "GET /api/deparment?page=3&limit=5 HTTP/1.1" 200 161 "http://localhost:4200/" "Mozilla/5.0 (Macintosh; Intel Mac OS X 10_15_7) AppleWebKit/537.36 (KHTML, like Gecko) Chrome/96.0.4664.110 Safari/537.36" {"service":"itx-backend","timestamp":"2022-01-04T14:42:50.085Z"}
info: ::1 - - [04/Jan/2022:14:42:50 +0000] "GET /api/employee HTTP/1.1" 200 598 "http://localhost:4200/" "Mozilla/5.0 (Macintosh; Intel Mac OS X 10_15_7) AppleWebKit/537.36 (KHTML, like Gecko) Chrome/96.0.4664.110 Safari/537.36" {"service":"itx-backend","timestamp":"2022-01-04T14:42:50.321Z"}
info: ::1 - - [04/Jan/2022:14:42:55 +0000] "GET /api/deparment?page=4&limit=5 HTTP/1.1" 200 161 "http://localhost:4200/" "Mozilla/5.0 (Macintosh; Intel Mac OS X 10_15_7) AppleWebKit/537.36 (KHTML, like Gecko) Chrome/96.0.4664.110 Safari/537.36" {"service":"itx-backend","timestamp":"2022-01-04T14:42:55.364Z"}
info: ::1 - - [04/Jan/2022:14:42:55 +0000] "GET /api/employee HTTP/1.1" 200 598 "http://localhost:4200/" "Mozilla/5.0 (Macintosh; Intel Mac OS X 10_15_7) AppleWebKit/537.36 (KHTML, like Gecko) Chrome/96.0.4664.110 Safari/537.36" {"service":"itx-backend","timestamp":"2022-01-04T14:42:55.592Z"}
info: ::1 - - [04/Jan/2022:14:43:00 +0000] "GET /api/deparment?page=1&limit=5 HTTP/1.1" 200 416 "http://localhost:4200/" "Mozilla/5.0 (Macintosh; Intel Mac OS X 10_15_7) AppleWebKit/537.36 (KHTML, like Gecko) Chrome/96.0.4664.110 Safari/537.36" {"service":"itx-backend","timestamp":"2022-01-04T14:43:00.978Z"}
info: ::1 - - [04/Jan/2022:14:43:01 +0000] "GET /api/employee HTTP/1.1" 200 598 "http://localhost:4200/" "Mozilla/5.0 (Macintosh; Intel Mac OS X 10_15_7) AppleWebKit/537.36 (KHTML, like Gecko) Chrome/96.0.4664.110 Safari/537.36" {"service":"itx-backend","timestamp":"2022-01-04T14:43:01.263Z"}
info: ::1 - - [04/Jan/2022:14:43:03 +0000] "GET /api/deparment?page=2&limit=5 HTTP/1.1" 200 160 "http://localhost:4200/" "Mozilla/5.0 (Macintosh; Intel Mac OS X 10_15_7) AppleWebKit/537.36 (KHTML, like Gecko) Chrome/96.0.4664.110 Safari/537.36" {"service":"itx-backend","timestamp":"2022-01-04T14:43:03.788Z"}
info: ::1 - - [04/Jan/2022:14:43:04 +0000] "GET /api/employee HTTP/1.1" 200 598 "http://localhost:4200/" "Mozilla/5.0 (Macintosh; Intel Mac OS X 10_15_7) AppleWebKit/537.36 (KHTML, like Gecko) Chrome/96.0.4664.110 Safari/537.36" {"service":"itx-backend","timestamp":"2022-01-04T14:43:04.029Z"}
info: ::1 - - [04/Jan/2022:14:45:12 +0000] "GET /api/deparment?page=1&limit=5 HTTP/1.1" 200 416 "http://localhost:4200/" "Mozilla/5.0 (Macintosh; Intel Mac OS X 10_15_7) AppleWebKit/537.36 (KHTML, like Gecko) Chrome/96.0.4664.110 Safari/537.36" {"service":"itx-backend","timestamp":"2022-01-04T14:45:12.662Z"}
info: ::1 - - [04/Jan/2022:14:45:12 +0000] "GET /api/employee HTTP/1.1" 200 598 "http://localhost:4200/" "Mozilla/5.0 (Macintosh; Intel Mac OS X 10_15_7) AppleWebKit/537.36 (KHTML, like Gecko) Chrome/96.0.4664.110 Safari/537.36" {"service":"itx-backend","timestamp":"2022-01-04T14:45:12.948Z"}
info: ::1 - - [04/Jan/2022:14:45:14 +0000] "GET /api/deparment?page=1&limit=5 HTTP/1.1" 200 416 "http://localhost:4200/" "Mozilla/5.0 (Macintosh; Intel Mac OS X 10_15_7) AppleWebKit/537.36 (KHTML, like Gecko) Chrome/96.0.4664.110 Safari/537.36" {"service":"itx-backend","timestamp":"2022-01-04T14:45:14.794Z"}
info: ::1 - - [04/Jan/2022:14:45:15 +0000] "GET /api/employee HTTP/1.1" 200 598 "http://localhost:4200/" "Mozilla/5.0 (Macintosh; Intel Mac OS X 10_15_7) AppleWebKit/537.36 (KHTML, like Gecko) Chrome/96.0.4664.110 Safari/537.36" {"service":"itx-backend","timestamp":"2022-01-04T14:45:15.099Z"}
info: ::1 - - [04/Jan/2022:14:45:21 +0000] "GET /api/deparment?page=2&limit=5 HTTP/1.1" 200 160 "http://localhost:4200/" "Mozilla/5.0 (Macintosh; Intel Mac OS X 10_15_7) AppleWebKit/537.36 (KHTML, like Gecko) Chrome/96.0.4664.110 Safari/537.36" {"service":"itx-backend","timestamp":"2022-01-04T14:45:21.676Z"}
info: ::1 - - [04/Jan/2022:14:45:33 +0000] "GET /api/deparment?page=1&limit=5 HTTP/1.1" 200 416 "http://localhost:4200/" "Mozilla/5.0 (Macintosh; Intel Mac OS X 10_15_7) AppleWebKit/537.36 (KHTML, like Gecko) Chrome/96.0.4664.110 Safari/537.36" {"service":"itx-backend","timestamp":"2022-01-04T14:45:33.125Z"}
info: ::1 - - [04/Jan/2022:14:45:33 +0000] "GET /api/employee HTTP/1.1" 200 598 "http://localhost:4200/" "Mozilla/5.0 (Macintosh; Intel Mac OS X 10_15_7) AppleWebKit/537.36 (KHTML, like Gecko) Chrome/96.0.4664.110 Safari/537.36" {"service":"itx-backend","timestamp":"2022-01-04T14:45:33.430Z"}
info: ::1 - - [04/Jan/2022:14:45:41 +0000] "GET /api/deparment?page=2&limit=5 HTTP/1.1" 200 160 "http://localhost:4200/" "Mozilla/5.0 (Macintosh; Intel Mac OS X 10_15_7) AppleWebKit/537.36 (KHTML, like Gecko) Chrome/96.0.4664.110 Safari/537.36" {"service":"itx-backend","timestamp":"2022-01-04T14:45:41.394Z"}
info: ::1 - - [04/Jan/2022:14:45:41 +0000] "GET /api/employee HTTP/1.1" 200 598 "http://localhost:4200/" "Mozilla/5.0 (Macintosh; Intel Mac OS X 10_15_7) AppleWebKit/537.36 (KHTML, like Gecko) Chrome/96.0.4664.110 Safari/537.36" {"service":"itx-backend","timestamp":"2022-01-04T14:45:41.627Z"}
info: ::1 - - [04/Jan/2022:14:46:09 +0000] "GET /api/deparment?page=2&limit=5 HTTP/1.1" 200 160 "http://localhost:4200/" "Mozilla/5.0 (Macintosh; Intel Mac OS X 10_15_7) AppleWebKit/537.36 (KHTML, like Gecko) Chrome/96.0.4664.110 Safari/537.36" {"service":"itx-backend","timestamp":"2022-01-04T14:46:09.835Z"}
info: ::1 - - [04/Jan/2022:14:46:10 +0000] "GET /api/employee HTTP/1.1" 200 598 "http://localhost:4200/" "Mozilla/5.0 (Macintosh; Intel Mac OS X 10_15_7) AppleWebKit/537.36 (KHTML, like Gecko) Chrome/96.0.4664.110 Safari/537.36" {"service":"itx-backend","timestamp":"2022-01-04T14:46:10.088Z"}
info: ::1 - - [04/Jan/2022:14:46:58 +0000] "GET /api/deparment?page=1&limit=5 HTTP/1.1" 200 416 "http://localhost:4200/" "Mozilla/5.0 (Macintosh; Intel Mac OS X 10_15_7) AppleWebKit/537.36 (KHTML, like Gecko) Chrome/96.0.4664.110 Safari/537.36" {"service":"itx-backend","timestamp":"2022-01-04T14:46:58.731Z"}
info: ::1 - - [04/Jan/2022:14:46:58 +0000] "GET /api/employee HTTP/1.1" 200 598 "http://localhost:4200/" "Mozilla/5.0 (Macintosh; Intel Mac OS X 10_15_7) AppleWebKit/537.36 (KHTML, like Gecko) Chrome/96.0.4664.110 Safari/537.36" {"service":"itx-backend","timestamp":"2022-01-04T14:46:58.962Z"}
info: ::1 - - [04/Jan/2022:14:47:19 +0000] "GET /api/deparment?page=1&limit=5 HTTP/1.1" 200 416 "http://localhost:4200/" "Mozilla/5.0 (Macintosh; Intel Mac OS X 10_15_7) AppleWebKit/537.36 (KHTML, like Gecko) Chrome/96.0.4664.110 Safari/537.36" {"service":"itx-backend","timestamp":"2022-01-04T14:47:19.386Z"}
info: ::1 - - [04/Jan/2022:14:47:19 +0000] "GET /api/employee HTTP/1.1" 200 598 "http://localhost:4200/" "Mozilla/5.0 (Macintosh; Intel Mac OS X 10_15_7) AppleWebKit/537.36 (KHTML, like Gecko) Chrome/96.0.4664.110 Safari/537.36" {"service":"itx-backend","timestamp":"2022-01-04T14:47:19.617Z"}
info: ::1 - - [04/Jan/2022:14:47:31 +0000] "GET /api/deparment?page=1&limit=5 HTTP/1.1" 200 416 "http://localhost:4200/" "Mozilla/5.0 (Macintosh; Intel Mac OS X 10_15_7) AppleWebKit/537.36 (KHTML, like Gecko) Chrome/96.0.4664.110 Safari/537.36" {"service":"itx-backend","timestamp":"2022-01-04T14:47:31.912Z"}
info: ::1 - - [04/Jan/2022:14:47:33 +0000] "GET /api/employee HTTP/1.1" 200 598 "http://localhost:4200/" "Mozilla/5.0 (Macintosh; Intel Mac OS X 10_15_7) AppleWebKit/537.36 (KHTML, like Gecko) Chrome/96.0.4664.110 Safari/537.36" {"service":"itx-backend","timestamp":"2022-01-04T14:47:33.340Z"}
info: ::1 - - [04/Jan/2022:14:47:33 +0000] "GET /api/deparment?page=2&limit=5 HTTP/1.1" 200 160 "http://localhost:4200/" "Mozilla/5.0 (Macintosh; Intel Mac OS X 10_15_7) AppleWebKit/537.36 (KHTML, like Gecko) Chrome/96.0.4664.110 Safari/537.36" {"service":"itx-backend","timestamp":"2022-01-04T14:47:33.344Z"}
info: ::1 - - [04/Jan/2022:14:47:33 +0000] "GET /api/employee HTTP/1.1" 200 598 "http://localhost:4200/" "Mozilla/5.0 (Macintosh; Intel Mac OS X 10_15_7) AppleWebKit/537.36 (KHTML, like Gecko) Chrome/96.0.4664.110 Safari/537.36" {"service":"itx-backend","timestamp":"2022-01-04T14:47:33.812Z"}
info: ::1 - - [04/Jan/2022:14:47:38 +0000] "GET /api/deparment?page=3&limit=5 HTTP/1.1" 200 161 "http://localhost:4200/" "Mozilla/5.0 (Macintosh; Intel Mac OS X 10_15_7) AppleWebKit/537.36 (KHTML, like Gecko) Chrome/96.0.4664.110 Safari/537.36" {"service":"itx-backend","timestamp":"2022-01-04T14:47:38.334Z"}
info: ::1 - - [04/Jan/2022:14:47:38 +0000] "GET /api/employee HTTP/1.1" 200 598 "http://localhost:4200/" "Mozilla/5.0 (Macintosh; Intel Mac OS X 10_15_7) AppleWebKit/537.36 (KHTML, like Gecko) Chrome/96.0.4664.110 Safari/537.36" {"service":"itx-backend","timestamp":"2022-01-04T14:47:38.564Z"}
info: ::1 - - [04/Jan/2022:14:47:49 +0000] "GET /api/deparment?page=1&limit=5 HTTP/1.1" 200 416 "http://localhost:4200/" "Mozilla/5.0 (Macintosh; Intel Mac OS X 10_15_7) AppleWebKit/537.36 (KHTML, like Gecko) Chrome/96.0.4664.110 Safari/537.36" {"service":"itx-backend","timestamp":"2022-01-04T14:47:49.859Z"}
info: ::1 - - [04/Jan/2022:14:47:50 +0000] "GET /api/employee HTTP/1.1" 200 598 "http://localhost:4200/" "Mozilla/5.0 (Macintosh; Intel Mac OS X 10_15_7) AppleWebKit/537.36 (KHTML, like Gecko) Chrome/96.0.4664.110 Safari/537.36" {"service":"itx-backend","timestamp":"2022-01-04T14:47:50.085Z"}
info: ::1 - - [04/Jan/2022:14:47:59 +0000] "GET /api/deparment?page=1&limit=5 HTTP/1.1" 200 416 "http://localhost:4200/" "Mozilla/5.0 (Macintosh; Intel Mac OS X 10_15_7) AppleWebKit/537.36 (KHTML, like Gecko) Chrome/96.0.4664.110 Safari/537.36" {"service":"itx-backend","timestamp":"2022-01-04T14:47:59.289Z"}
info: ::1 - - [04/Jan/2022:14:47:59 +0000] "GET /api/employee HTTP/1.1" 200 598 "http://localhost:4200/" "Mozilla/5.0 (Macintosh; Intel Mac OS X 10_15_7) AppleWebKit/537.36 (KHTML, like Gecko) Chrome/96.0.4664.110 Safari/537.36" {"service":"itx-backend","timestamp":"2022-01-04T14:47:59.519Z"}
info: ::1 - - [04/Jan/2022:14:48:19 +0000] "GET /api/deparment?page=1&limit=5 HTTP/1.1" 200 416 "http://localhost:4200/" "Mozilla/5.0 (Macintosh; Intel Mac OS X 10_15_7) AppleWebKit/537.36 (KHTML, like Gecko) Chrome/96.0.4664.110 Safari/537.36" {"service":"itx-backend","timestamp":"2022-01-04T14:48:19.218Z"}
info: ::1 - - [04/Jan/2022:14:48:19 +0000] "GET /api/employee HTTP/1.1" 200 598 "http://localhost:4200/" "Mozilla/5.0 (Macintosh; Intel Mac OS X 10_15_7) AppleWebKit/537.36 (KHTML, like Gecko) Chrome/96.0.4664.110 Safari/537.36" {"service":"itx-backend","timestamp":"2022-01-04T14:48:19.523Z"}
info: ::1 - - [04/Jan/2022:14:48:44 +0000] "GET /api/employee?page=2&limit=5 HTTP/1.1" 200 579 "-" "PostmanRuntime/7.28.4" {"service":"itx-backend","timestamp":"2022-01-04T14:48:44.043Z"}
info: ::1 - - [04/Jan/2022:14:49:45 +0000] "GET /api/deparment?page=1&limit=5 HTTP/1.1" 200 416 "http://localhost:4200/" "Mozilla/5.0 (Macintosh; Intel Mac OS X 10_15_7) AppleWebKit/537.36 (KHTML, like Gecko) Chrome/96.0.4664.110 Safari/537.36" {"service":"itx-backend","timestamp":"2022-01-04T14:49:45.720Z"}
info: ::1 - - [04/Jan/2022:14:49:46 +0000] "GET /api/employee HTTP/1.1" 200 598 "http://localhost:4200/" "Mozilla/5.0 (Macintosh; Intel Mac OS X 10_15_7) AppleWebKit/537.36 (KHTML, like Gecko) Chrome/96.0.4664.110 Safari/537.36" {"service":"itx-backend","timestamp":"2022-01-04T14:49:46.052Z"}
info: ::1 - - [04/Jan/2022:14:50:13 +0000] "GET /api/deparment?page=1&limit=5 HTTP/1.1" 200 416 "http://localhost:4200/" "Mozilla/5.0 (Macintosh; Intel Mac OS X 10_15_7) AppleWebKit/537.36 (KHTML, like Gecko) Chrome/96.0.4664.110 Safari/537.36" {"service":"itx-backend","timestamp":"2022-01-04T14:50:13.676Z"}
info: ::1 - - [04/Jan/2022:14:50:13 +0000] "GET /api/employee HTTP/1.1" 200 598 "http://localhost:4200/" "Mozilla/5.0 (Macintosh; Intel Mac OS X 10_15_7) AppleWebKit/537.36 (KHTML, like Gecko) Chrome/96.0.4664.110 Safari/537.36" {"service":"itx-backend","timestamp":"2022-01-04T14:50:13.905Z"}
info: ::1 - - [04/Jan/2022:14:50:17 +0000] "GET /api/deparment?page=2&limit=5 HTTP/1.1" 200 160 "http://localhost:4200/" "Mozilla/5.0 (Macintosh; Intel Mac OS X 10_15_7) AppleWebKit/537.36 (KHTML, like Gecko) Chrome/96.0.4664.110 Safari/537.36" {"service":"itx-backend","timestamp":"2022-01-04T14:50:17.491Z"}
info: ::1 - - [04/Jan/2022:14:50:17 +0000] "GET /api/employee HTTP/1.1" 200 598 "http://localhost:4200/" "Mozilla/5.0 (Macintosh; Intel Mac OS X 10_15_7) AppleWebKit/537.36 (KHTML, like Gecko) Chrome/96.0.4664.110 Safari/537.36" {"service":"itx-backend","timestamp":"2022-01-04T14:50:17.726Z"}
info: ::1 - - [04/Jan/2022:14:52:29 +0000] "GET /api/deparment HTTP/1.1" 200 416 "http://localhost:4200/" "Mozilla/5.0 (Macintosh; Intel Mac OS X 10_15_7) AppleWebKit/537.36 (KHTML, like Gecko) Chrome/96.0.4664.110 Safari/537.36" {"service":"itx-backend","timestamp":"2022-01-04T14:52:29.782Z"}
info: ::1 - - [04/Jan/2022:14:52:29 +0000] "GET /api/deparment?page=1&limit=5 HTTP/1.1" 200 416 "http://localhost:4200/" "Mozilla/5.0 (Macintosh; Intel Mac OS X 10_15_7) AppleWebKit/537.36 (KHTML, like Gecko) Chrome/96.0.4664.110 Safari/537.36" {"service":"itx-backend","timestamp":"2022-01-04T14:52:29.784Z"}
info: ::1 - - [04/Jan/2022:14:53:02 +0000] "GET /api/deparment HTTP/1.1" 200 416 "http://localhost:4200/" "Mozilla/5.0 (Macintosh; Intel Mac OS X 10_15_7) AppleWebKit/537.36 (KHTML, like Gecko) Chrome/96.0.4664.110 Safari/537.36" {"service":"itx-backend","timestamp":"2022-01-04T14:53:02.346Z"}
info: ::1 - - [04/Jan/2022:14:53:02 +0000] "GET /api/employee?page=1&limit=5 HTTP/1.1" 200 598 "http://localhost:4200/" "Mozilla/5.0 (Macintosh; Intel Mac OS X 10_15_7) AppleWebKit/537.36 (KHTML, like Gecko) Chrome/96.0.4664.110 Safari/537.36" {"service":"itx-backend","timestamp":"2022-01-04T14:53:02.577Z"}
info: ::1 - - [04/Jan/2022:14:53:06 +0000] "GET /api/deparment HTTP/1.1" 200 416 "http://localhost:4200/" "Mozilla/5.0 (Macintosh; Intel Mac OS X 10_15_7) AppleWebKit/537.36 (KHTML, like Gecko) Chrome/96.0.4664.110 Safari/537.36" {"service":"itx-backend","timestamp":"2022-01-04T14:53:06.549Z"}
info: ::1 - - [04/Jan/2022:14:53:06 +0000] "GET /api/employee?page=2&limit=5 HTTP/1.1" 200 579 "http://localhost:4200/" "Mozilla/5.0 (Macintosh; Intel Mac OS X 10_15_7) AppleWebKit/537.36 (KHTML, like Gecko) Chrome/96.0.4664.110 Safari/537.36" {"service":"itx-backend","timestamp":"2022-01-04T14:53:06.786Z"}
info: ::1 - - [04/Jan/2022:14:53:09 +0000] "GET /api/deparment HTTP/1.1" 200 416 "http://localhost:4200/" "Mozilla/5.0 (Macintosh; Intel Mac OS X 10_15_7) AppleWebKit/537.36 (KHTML, like Gecko) Chrome/96.0.4664.110 Safari/537.36" {"service":"itx-backend","timestamp":"2022-01-04T14:53:09.069Z"}
info: ::1 - - [04/Jan/2022:14:53:09 +0000] "GET /api/employee?page=3&limit=5 HTTP/1.1" 200 616 "http://localhost:4200/" "Mozilla/5.0 (Macintosh; Intel Mac OS X 10_15_7) AppleWebKit/537.36 (KHTML, like Gecko) Chrome/96.0.4664.110 Safari/537.36" {"service":"itx-backend","timestamp":"2022-01-04T14:53:09.301Z"}
info: ::1 - - [04/Jan/2022:14:53:11 +0000] "GET /api/deparment HTTP/1.1" 200 416 "http://localhost:4200/" "Mozilla/5.0 (Macintosh; Intel Mac OS X 10_15_7) AppleWebKit/537.36 (KHTML, like Gecko) Chrome/96.0.4664.110 Safari/537.36" {"service":"itx-backend","timestamp":"2022-01-04T14:53:11.966Z"}
info: ::1 - - [04/Jan/2022:14:53:12 +0000] "GET /api/employee?page=2&limit=5 HTTP/1.1" 200 579 "http://localhost:4200/" "Mozilla/5.0 (Macintosh; Intel Mac OS X 10_15_7) AppleWebKit/537.36 (KHTML, like Gecko) Chrome/96.0.4664.110 Safari/537.36" {"service":"itx-backend","timestamp":"2022-01-04T14:53:12.197Z"}
info: ::1 - - [04/Jan/2022:14:53:12 +0000] "GET /api/deparment HTTP/1.1" 200 416 "http://localhost:4200/" "Mozilla/5.0 (Macintosh; Intel Mac OS X 10_15_7) AppleWebKit/537.36 (KHTML, like Gecko) Chrome/96.0.4664.110 Safari/537.36" {"service":"itx-backend","timestamp":"2022-01-04T14:53:12.845Z"}
info: ::1 - - [04/Jan/2022:14:53:13 +0000] "GET /api/employee?page=1&limit=5 HTTP/1.1" 200 598 "http://localhost:4200/" "Mozilla/5.0 (Macintosh; Intel Mac OS X 10_15_7) AppleWebKit/537.36 (KHTML, like Gecko) Chrome/96.0.4664.110 Safari/537.36" {"service":"itx-backend","timestamp":"2022-01-04T14:53:13.078Z"}
info: ::1 - - [04/Jan/2022:14:53:13 +0000] "GET /api/deparment HTTP/1.1" 200 416 "http://localhost:4200/" "Mozilla/5.0 (Macintosh; Intel Mac OS X 10_15_7) AppleWebKit/537.36 (KHTML, like Gecko) Chrome/96.0.4664.110 Safari/537.36" {"service":"itx-backend","timestamp":"2022-01-04T14:53:13.751Z"}
info: ::1 - - [04/Jan/2022:14:53:13 +0000] "GET /api/employee?page=2&limit=5 HTTP/1.1" 200 579 "http://localhost:4200/" "Mozilla/5.0 (Macintosh; Intel Mac OS X 10_15_7) AppleWebKit/537.36 (KHTML, like Gecko) Chrome/96.0.4664.110 Safari/537.36" {"service":"itx-backend","timestamp":"2022-01-04T14:53:13.982Z"}
info: ::1 - - [04/Jan/2022:14:54:42 +0000] "GET /api/deparment HTTP/1.1" 200 416 "http://localhost:4200/" "Mozilla/5.0 (Macintosh; Intel Mac OS X 10_15_7) AppleWebKit/537.36 (KHTML, like Gecko) Chrome/96.0.4664.110 Safari/537.36" {"service":"itx-backend","timestamp":"2022-01-04T14:54:42.864Z"}
info: ::1 - - [04/Jan/2022:14:54:43 +0000] "GET /api/employee?page=1&limit=5 HTTP/1.1" 200 598 "http://localhost:4200/" "Mozilla/5.0 (Macintosh; Intel Mac OS X 10_15_7) AppleWebKit/537.36 (KHTML, like Gecko) Chrome/96.0.4664.110 Safari/537.36" {"service":"itx-backend","timestamp":"2022-01-04T14:54:43.096Z"}
info: ::1 - - [04/Jan/2022:14:54:52 +0000] "GET /api/deparment HTTP/1.1" 200 416 "http://localhost:4200/" "Mozilla/5.0 (Macintosh; Intel Mac OS X 10_15_7) AppleWebKit/537.36 (KHTML, like Gecko) Chrome/96.0.4664.110 Safari/537.36" {"service":"itx-backend","timestamp":"2022-01-04T14:54:52.009Z"}
info: ::1 - - [04/Jan/2022:14:54:52 +0000] "GET /api/employee?page=1&limit=5 HTTP/1.1" 200 598 "http://localhost:4200/" "Mozilla/5.0 (Macintosh; Intel Mac OS X 10_15_7) AppleWebKit/537.36 (KHTML, like Gecko) Chrome/96.0.4664.110 Safari/537.36" {"service":"itx-backend","timestamp":"2022-01-04T14:54:52.323Z"}
info: ::1 - - [04/Jan/2022:14:54:58 +0000] "GET /api/deparment HTTP/1.1" 200 416 "http://localhost:4200/" "Mozilla/5.0 (Macintosh; Intel Mac OS X 10_15_7) AppleWebKit/537.36 (KHTML, like Gecko) Chrome/96.0.4664.110 Safari/537.36" {"service":"itx-backend","timestamp":"2022-01-04T14:54:58.768Z"}
info: ::1 - - [04/Jan/2022:14:54:58 +0000] "GET /api/employee?page=1&limit=5 HTTP/1.1" 200 598 "http://localhost:4200/" "Mozilla/5.0 (Macintosh; Intel Mac OS X 10_15_7) AppleWebKit/537.36 (KHTML, like Gecko) Chrome/96.0.4664.110 Safari/537.36" {"service":"itx-backend","timestamp":"2022-01-04T14:54:58.997Z"}
info: ::1 - - [04/Jan/2022:14:55:24 +0000] "GET /api/deparment HTTP/1.1" 200 416 "http://localhost:4200/" "Mozilla/5.0 (Macintosh; Intel Mac OS X 10_15_7) AppleWebKit/537.36 (KHTML, like Gecko) Chrome/96.0.4664.110 Safari/537.36" {"service":"itx-backend","timestamp":"2022-01-04T14:55:24.272Z"}
info: ::1 - - [04/Jan/2022:14:55:24 +0000] "GET /api/employee?page=1&limit=5 HTTP/1.1" 200 598 "http://localhost:4200/" "Mozilla/5.0 (Macintosh; Intel Mac OS X 10_15_7) AppleWebKit/537.36 (KHTML, like Gecko) Chrome/96.0.4664.110 Safari/537.36" {"service":"itx-backend","timestamp":"2022-01-04T14:55:24.579Z"}
info: ::1 - - [04/Jan/2022:14:55:30 +0000] "GET /api/deparment HTTP/1.1" 200 416 "http://localhost:4200/" "Mozilla/5.0 (Macintosh; Intel Mac OS X 10_15_7) AppleWebKit/537.36 (KHTML, like Gecko) Chrome/96.0.4664.110 Safari/537.36" {"service":"itx-backend","timestamp":"2022-01-04T14:55:30.239Z"}
info: ::1 - - [04/Jan/2022:14:55:30 +0000] "GET /api/employee?page=1&limit=5 HTTP/1.1" 200 598 "http://localhost:4200/" "Mozilla/5.0 (Macintosh; Intel Mac OS X 10_15_7) AppleWebKit/537.36 (KHTML, like Gecko) Chrome/96.0.4664.110 Safari/537.36" {"service":"itx-backend","timestamp":"2022-01-04T14:55:30.519Z"}
info: ::1 - - [04/Jan/2022:14:55:34 +0000] "GET /api/deparment HTTP/1.1" 200 416 "http://localhost:4200/" "Mozilla/5.0 (Macintosh; Intel Mac OS X 10_15_7) AppleWebKit/537.36 (KHTML, like Gecko) Chrome/96.0.4664.110 Safari/537.36" {"service":"itx-backend","timestamp":"2022-01-04T14:55:34.510Z"}
info: ::1 - - [04/Jan/2022:14:55:34 +0000] "GET /api/employee?page=1&limit=5 HTTP/1.1" 200 598 "http://localhost:4200/" "Mozilla/5.0 (Macintosh; Intel Mac OS X 10_15_7) AppleWebKit/537.36 (KHTML, like Gecko) Chrome/96.0.4664.110 Safari/537.36" {"service":"itx-backend","timestamp":"2022-01-04T14:55:34.765Z"}
info: ::1 - - [04/Jan/2022:14:55:49 +0000] "OPTIONS /api/employee HTTP/1.1" 204 0 "http://localhost:4200/" "Mozilla/5.0 (Macintosh; Intel Mac OS X 10_15_7) AppleWebKit/537.36 (KHTML, like Gecko) Chrome/96.0.4664.110 Safari/537.36" {"service":"itx-backend","timestamp":"2022-01-04T14:55:49.556Z"}
info: ::1 - - [04/Jan/2022:14:55:49 +0000] "POST /api/employee HTTP/1.1" 201 255 "http://localhost:4200/" "Mozilla/5.0 (Macintosh; Intel Mac OS X 10_15_7) AppleWebKit/537.36 (KHTML, like Gecko) Chrome/96.0.4664.110 Safari/537.36" {"service":"itx-backend","timestamp":"2022-01-04T14:55:49.873Z"}
info: ::1 - - [04/Jan/2022:14:55:52 +0000] "GET /api/deparment HTTP/1.1" 200 416 "http://localhost:4200/" "Mozilla/5.0 (Macintosh; Intel Mac OS X 10_15_7) AppleWebKit/537.36 (KHTML, like Gecko) Chrome/96.0.4664.110 Safari/537.36" {"service":"itx-backend","timestamp":"2022-01-04T14:55:52.439Z"}
info: ::1 - - [04/Jan/2022:14:55:52 +0000] "GET /api/employee?page=2&limit=5 HTTP/1.1" 200 579 "http://localhost:4200/" "Mozilla/5.0 (Macintosh; Intel Mac OS X 10_15_7) AppleWebKit/537.36 (KHTML, like Gecko) Chrome/96.0.4664.110 Safari/537.36" {"service":"itx-backend","timestamp":"2022-01-04T14:55:52.666Z"}
info: ::1 - - [04/Jan/2022:14:55:53 +0000] "GET /api/deparment HTTP/1.1" 200 416 "http://localhost:4200/" "Mozilla/5.0 (Macintosh; Intel Mac OS X 10_15_7) AppleWebKit/537.36 (KHTML, like Gecko) Chrome/96.0.4664.110 Safari/537.36" {"service":"itx-backend","timestamp":"2022-01-04T14:55:53.813Z"}
info: ::1 - - [04/Jan/2022:14:55:54 +0000] "GET /api/employee?page=3&limit=5 HTTP/1.1" 200 612 "http://localhost:4200/" "Mozilla/5.0 (Macintosh; Intel Mac OS X 10_15_7) AppleWebKit/537.36 (KHTML, like Gecko) Chrome/96.0.4664.110 Safari/537.36" {"service":"itx-backend","timestamp":"2022-01-04T14:55:54.072Z"}
info: ::1 - - [04/Jan/2022:14:55:55 +0000] "GET /api/deparment HTTP/1.1" 200 416 "http://localhost:4200/" "Mozilla/5.0 (Macintosh; Intel Mac OS X 10_15_7) AppleWebKit/537.36 (KHTML, like Gecko) Chrome/96.0.4664.110 Safari/537.36" {"service":"itx-backend","timestamp":"2022-01-04T14:55:55.009Z"}
info: ::1 - - [04/Jan/2022:14:55:55 +0000] "GET /api/employee?page=4&limit=5 HTTP/1.1" 200 245 "http://localhost:4200/" "Mozilla/5.0 (Macintosh; Intel Mac OS X 10_15_7) AppleWebKit/537.36 (KHTML, like Gecko) Chrome/96.0.4664.110 Safari/537.36" {"service":"itx-backend","timestamp":"2022-01-04T14:55:55.244Z"}
info: ::1 - - [04/Jan/2022:14:55:58 +0000] "GET /api/deparment HTTP/1.1" 200 416 "http://localhost:4200/" "Mozilla/5.0 (Macintosh; Intel Mac OS X 10_15_7) AppleWebKit/537.36 (KHTML, like Gecko) Chrome/96.0.4664.110 Safari/537.36" {"service":"itx-backend","timestamp":"2022-01-04T14:55:58.863Z"}
info: ::1 - - [04/Jan/2022:14:55:59 +0000] "GET /api/employee?page=3&limit=5 HTTP/1.1" 200 612 "http://localhost:4200/" "Mozilla/5.0 (Macintosh; Intel Mac OS X 10_15_7) AppleWebKit/537.36 (KHTML, like Gecko) Chrome/96.0.4664.110 Safari/537.36" {"service":"itx-backend","timestamp":"2022-01-04T14:55:59.192Z"}
info: ::1 - - [04/Jan/2022:14:56:00 +0000] "GET /api/deparment HTTP/1.1" 200 416 "http://localhost:4200/" "Mozilla/5.0 (Macintosh; Intel Mac OS X 10_15_7) AppleWebKit/537.36 (KHTML, like Gecko) Chrome/96.0.4664.110 Safari/537.36" {"service":"itx-backend","timestamp":"2022-01-04T14:56:00.244Z"}
info: ::1 - - [04/Jan/2022:14:56:00 +0000] "GET /api/employee?page=2&limit=5 HTTP/1.1" 200 579 "http://localhost:4200/" "Mozilla/5.0 (Macintosh; Intel Mac OS X 10_15_7) AppleWebKit/537.36 (KHTML, like Gecko) Chrome/96.0.4664.110 Safari/537.36" {"service":"itx-backend","timestamp":"2022-01-04T14:56:00.473Z"}
